{"HTTPStatus":500,"cause":null,"isTrusted":true,"level":"error","message":"Unexpected token } in JSON at position 74 Unexpected token } in JSON at position 74","name":"SyntaxError","stack":"SyntaxError: Unexpected token } in JSON at position 74\n    at JSON.parse (<anonymous>)\n    at parse (/Users/rizwanahmed/Documents/project/Academy_Backend/src/node_modules/body-parser/lib/types/json.js:92:19)\n    at /Users/rizwanahmed/Documents/project/Academy_Backend/src/node_modules/body-parser/lib/read.js:128:18\n    at AsyncResource.runInAsyncScope (node:async_hooks:203:9)\n    at invokeCallback (/Users/rizwanahmed/Documents/project/Academy_Backend/src/node_modules/raw-body/index.js:238:16)\n    at done (/Users/rizwanahmed/Documents/project/Academy_Backend/src/node_modules/raw-body/index.js:227:7)\n    at IncomingMessage.onEnd (/Users/rizwanahmed/Documents/project/Academy_Backend/src/node_modules/raw-body/index.js:287:7)\n    at IncomingMessage.emit (node:events:525:35)\n    at endReadableNT (node:internal/streams/readable:1358:12)\n    at processTicksAndRejections (node:internal/process/task_queues:83:21)","timestamp":"2025-10-01 00:01:17"}
{"HTTPStatus":500,"cause":null,"isTrusted":true,"level":"error","message":"Unexpected token } in JSON at position 74 Unexpected token } in JSON at position 74","name":"SyntaxError","stack":"SyntaxError: Unexpected token } in JSON at position 74\n    at JSON.parse (<anonymous>)\n    at parse (/Users/rizwanahmed/Documents/project/Academy_Backend/src/node_modules/body-parser/lib/types/json.js:92:19)\n    at /Users/rizwanahmed/Documents/project/Academy_Backend/src/node_modules/body-parser/lib/read.js:128:18\n    at AsyncResource.runInAsyncScope (node:async_hooks:203:9)\n    at invokeCallback (/Users/rizwanahmed/Documents/project/Academy_Backend/src/node_modules/raw-body/index.js:238:16)\n    at done (/Users/rizwanahmed/Documents/project/Academy_Backend/src/node_modules/raw-body/index.js:227:7)\n    at IncomingMessage.onEnd (/Users/rizwanahmed/Documents/project/Academy_Backend/src/node_modules/raw-body/index.js:287:7)\n    at IncomingMessage.emit (node:events:525:35)\n    at endReadableNT (node:internal/streams/readable:1358:12)\n    at processTicksAndRejections (node:internal/process/task_queues:83:21)","timestamp":"2025-10-01 00:01:34"}
{"level":"info","message":"POST /api/v1/bus/create","timestamp":"2025-10-01 00:01:39"}
{"level":"info","message":"POST /api/v1/bus/create","timestamp":"2025-10-01 00:04:25"}
{"level":"info","message":"POST /api/v1/bus/create","timestamp":"2025-10-01 00:04:26"}
{"level":"error","message":"App received SIGINT event, try to gracefully close the server","timestamp":"2025-10-01 00:05:27"}
{"level":"info","message":"Loading and validating config for the first time...","timestamp":"2025-10-01 00:05:33"}
{"level":"info","message":"Config loaded and validated","timestamp":"2025-10-01 00:05:33"}
{"level":"info","message":"Starting web server...","timestamp":"2025-10-01 00:05:33"}
{"level":"info","message":"Express middlewares are set up","timestamp":"2025-10-01 00:05:33"}
{"level":"info","message":"Defining routes...","timestamp":"2025-10-01 00:05:33"}
{"level":"info","message":"Setting up routes for Customer","timestamp":"2025-10-01 00:05:33"}
{"level":"info","message":"Setting up routes for Customer","timestamp":"2025-10-01 00:05:33"}
{"level":"info","message":"Setting up routes for Classes","timestamp":"2025-10-01 00:05:36"}
{"level":"info","message":"Setting up routes for Students","timestamp":"2025-10-01 00:05:36"}
{"level":"info","message":"Routes defined","timestamp":"2025-10-01 00:05:36"}
{"level":"info","message":"Server is about to listen to port 4000","timestamp":"2025-10-01 00:05:36"}
{"level":"info","message":"Server is running on :::4000","timestamp":"2025-10-01 00:05:36"}
{"level":"info","message":"Connecting to MongoDB...","timestamp":"2025-10-01 00:05:36"}
{"level":"info","message":"MongoDB connection is open","timestamp":"2025-10-01 00:05:38"}
{"level":"info","message":"Connected to MongoDB","timestamp":"2025-10-01 00:05:38"}
{"level":"info","message":"POST /api/v1/bus/create","timestamp":"2025-10-01 00:05:43"}
{"level":"info","message":"POST /api/v1/bus/create","timestamp":"2025-10-01 00:05:45"}
{"level":"info","message":"Loading and validating config for the first time...","timestamp":"2025-10-01 00:06:25"}
{"level":"info","message":"Config loaded and validated","timestamp":"2025-10-01 00:06:25"}
{"level":"info","message":"Starting web server...","timestamp":"2025-10-01 00:06:25"}
{"level":"info","message":"Express middlewares are set up","timestamp":"2025-10-01 00:06:25"}
{"level":"info","message":"Defining routes...","timestamp":"2025-10-01 00:06:25"}
{"level":"info","message":"Setting up routes for Customer","timestamp":"2025-10-01 00:06:25"}
{"level":"info","message":"Setting up routes for Customer","timestamp":"2025-10-01 00:06:25"}
{"level":"info","message":"Setting up routes for Classes","timestamp":"2025-10-01 00:06:28"}
{"level":"info","message":"Setting up routes for Students","timestamp":"2025-10-01 00:06:29"}
{"level":"info","message":"Routes defined","timestamp":"2025-10-01 00:06:29"}
{"level":"info","message":"Server is about to listen to port 4000","timestamp":"2025-10-01 00:06:29"}
{"level":"info","message":"Server is running on :::4000","timestamp":"2025-10-01 00:06:29"}
{"level":"info","message":"Connecting to MongoDB...","timestamp":"2025-10-01 00:06:29"}
{"level":"info","message":"MongoDB connection is open","timestamp":"2025-10-01 00:06:30"}
{"level":"info","message":"Connected to MongoDB","timestamp":"2025-10-01 00:06:30"}
{"level":"info","message":"POST /api/v1/bus/create","timestamp":"2025-10-01 00:07:37"}
{"level":"info","message":"Loading and validating config for the first time...","timestamp":"2025-10-01 00:08:08"}
{"level":"info","message":"Config loaded and validated","timestamp":"2025-10-01 00:08:08"}
{"level":"info","message":"Starting web server...","timestamp":"2025-10-01 00:08:09"}
{"level":"info","message":"Express middlewares are set up","timestamp":"2025-10-01 00:08:09"}
{"level":"info","message":"Defining routes...","timestamp":"2025-10-01 00:08:09"}
{"level":"info","message":"Setting up routes for Customer","timestamp":"2025-10-01 00:08:09"}
{"level":"info","message":"Setting up routes for Customer","timestamp":"2025-10-01 00:08:09"}
{"level":"info","message":"Setting up routes for Classes","timestamp":"2025-10-01 00:08:13"}
{"level":"info","message":"Setting up routes for Students","timestamp":"2025-10-01 00:08:14"}
{"level":"info","message":"Routes defined","timestamp":"2025-10-01 00:08:14"}
{"level":"info","message":"Server is about to listen to port 4000","timestamp":"2025-10-01 00:08:14"}
{"level":"info","message":"Server is running on :::4000","timestamp":"2025-10-01 00:08:14"}
{"level":"info","message":"Connecting to MongoDB...","timestamp":"2025-10-01 00:08:14"}
{"level":"info","message":"MongoDB connection is open","timestamp":"2025-10-01 00:08:16"}
{"level":"info","message":"Connected to MongoDB","timestamp":"2025-10-01 00:08:16"}
{"level":"info","message":"POST /api/v1/bus/create","timestamp":"2025-10-01 00:08:27"}
{"level":"info","message":"POST /api/v1/bus/","timestamp":"2025-10-01 00:08:40"}
{"level":"info","message":"Loading and validating config for the first time...","timestamp":"2025-10-01 00:09:28"}
{"level":"info","message":"Config loaded and validated","timestamp":"2025-10-01 00:09:28"}
{"level":"info","message":"Starting web server...","timestamp":"2025-10-01 00:09:29"}
{"level":"info","message":"Express middlewares are set up","timestamp":"2025-10-01 00:09:29"}
{"level":"info","message":"Defining routes...","timestamp":"2025-10-01 00:09:29"}
{"level":"info","message":"Setting up routes for Customer","timestamp":"2025-10-01 00:09:29"}
{"level":"info","message":"Setting up routes for Customer","timestamp":"2025-10-01 00:09:29"}
{"level":"info","message":"Setting up routes for Classes","timestamp":"2025-10-01 00:09:32"}
{"level":"info","message":"Setting up routes for Students","timestamp":"2025-10-01 00:09:33"}
{"level":"info","message":"Setting up routes for Bus","timestamp":"2025-10-01 00:09:33"}
{"level":"info","message":"Routes defined","timestamp":"2025-10-01 00:09:33"}
{"level":"info","message":"Server is about to listen to port 4000","timestamp":"2025-10-01 00:09:33"}
{"level":"info","message":"Server is running on :::4000","timestamp":"2025-10-01 00:09:33"}
{"level":"info","message":"Connecting to MongoDB...","timestamp":"2025-10-01 00:09:33"}
{"level":"info","message":"MongoDB connection is open","timestamp":"2025-10-01 00:09:34"}
{"level":"info","message":"Connected to MongoDB","timestamp":"2025-10-01 00:09:34"}
{"level":"info","message":"POST /api/v1/bus/","timestamp":"2025-10-01 00:09:39"}
{"level":"info","message":"POST /api/v1/bus/create","timestamp":"2025-10-01 00:09:46"}
{"body":{"busName":"school bus","busNumber":"b101","status":true},"level":"info","message":"POST /api/v1/bus/create","params":{},"query":{},"timestamp":"2025-10-01 00:09:46"}
{"id":"68dbf2bd51719b9fa167dcc3","level":"info","message":"create(): Bus created","timestamp":"2025-10-01 00:09:49"}
{"level":"info","message":"POST /api/v1/bus/create","statusCode":201,"timestamp":"2025-10-01 00:09:49"}
{"level":"info","message":"POST /api/v1/student/create","timestamp":"2025-10-01 00:12:08"}
{"body":{"address":{"city":"Seoul","country":"South Korea","postalCode":"60000","state":"Seoul","street":"Sector A"},"birthday":"2015-05-12","bus":"68dbf2bd51719b9fa167dcc3","classRef":["68dbef9efe0d52d9ffcd9658"],"dateOfEnrollment":"2025-03-01","daysPreset":"Mon–Fri","englishFirst":"John","englishLast":"Doe","fatherPhone":"+82 10-5555-7777","grade":"5","koreanFamily":"김","koreanGiven":"철수","motherPhone":"+82 10-9876-5432","notes":"Allergic to peanuts. Needs special attention.","parentEmail":"parent.doe@gmail.com","school":"66f0a55c8e73e2c9e4a1b001","sex":"M","studentEmail":"johndoe@student.com","studentId":"STU20250923001","studentPhone":"+82 10-1234-5678"},"level":"info","message":"POST /api/v1/student/create","params":{},"query":{},"timestamp":"2025-10-01 00:12:08"}
{"code":11000,"errorLabelSet":{},"errorResponse":{"code":11000,"errmsg":"E11000 duplicate key error collection: test.students index: studentId_1 dup key: { studentId: \"STU20250923001\" }","index":0,"keyPattern":{"studentId":1},"keyValue":{"studentId":"STU20250923001"}},"index":0,"keyPattern":{"studentId":1},"keyValue":{"studentId":"STU20250923001"},"level":"error","message":"create(): Failed to create Students E11000 duplicate key error collection: test.students index: studentId_1 dup key: { studentId: \"STU20250923001\" }","stack":"MongoServerError: E11000 duplicate key error collection: test.students index: studentId_1 dup key: { studentId: \"STU20250923001\" }\n    at InsertOneOperation.execute (/Users/rizwanahmed/Documents/project/Academy_Backend/src/node_modules/mongoose/node_modules/mongodb/lib/operations/insert.js:51:19)\n    at processTicksAndRejections (node:internal/process/task_queues:96:5)\n    at async tryOperation (/Users/rizwanahmed/Documents/project/Academy_Backend/src/node_modules/mongoose/node_modules/mongodb/lib/operations/execute_operation.js:207:20)\n    at async executeOperation (/Users/rizwanahmed/Documents/project/Academy_Backend/src/node_modules/mongoose/node_modules/mongodb/lib/operations/execute_operation.js:75:16)\n    at async Collection.insertOne (/Users/rizwanahmed/Documents/project/Academy_Backend/src/node_modules/mongoose/node_modules/mongodb/lib/collection.js:157:16)","timestamp":"2025-10-01 00:12:11"}
{"HTTPStatus":500,"cause":null,"isTrusted":true,"level":"error","message":"E11000 duplicate key error collection: test.students index: studentId_1 dup key: { studentId: \"STU20250923001\" } E11000 duplicate key error collection: test.students index: studentId_1 dup key: { studentId: \"STU20250923001\" }","name":"Failed to create Students","stack":"Failed to create Students: E11000 duplicate key error collection: test.students index: studentId_1 dup key: { studentId: \"STU20250923001\" }\n    at create (/Users/rizwanahmed/Documents/project/Academy_Backend/src/domains/student/service.js:18:11)\n    at processTicksAndRejections (node:internal/process/task_queues:96:5)\n    at async /Users/rizwanahmed/Documents/project/Academy_Backend/src/domains/student/api.js:43:22","timestamp":"2025-10-01 00:12:11"}
{"level":"info","message":"POST /api/v1/student/create","statusCode":500,"timestamp":"2025-10-01 00:12:11"}
{"level":"info","message":"POST /api/v1/student/create","timestamp":"2025-10-01 00:13:57"}
{"body":{"address":{"city":"Seoul","country":"South Korea","postalCode":"60000","state":"Seoul","street":"Sector A"},"birthday":"2015-05-12","bus":"68dbf2bd51719b9fa167dcc3","classRef":["68dbef9efe0d52d9ffcd9658"],"dateOfEnrollment":"2025-03-01","daysPreset":"Mon–Fri","englishFirst":"John","englishLast":"Doe","fatherPhone":"+82 10-5555-7777","grade":"5","koreanFamily":"김","koreanGiven":"철수","motherPhone":"+82 10-9876-5432","notes":"Allergic to peanuts. Needs special attention.","parentEmail":"parent.doe@gmail.com","school":"66f0a55c8e73e2c9e4a1b001","sex":"M","studentEmail":"johndoe@student.com","studentId":"STU20250923001","studentPhone":"+82 10-1234-5678","teacher":"68dbf2bd51719b9fa167dcc3"},"level":"info","message":"POST /api/v1/student/create","params":{},"query":{},"timestamp":"2025-10-01 00:13:57"}
{"code":11000,"errorLabelSet":{},"errorResponse":{"code":11000,"errmsg":"E11000 duplicate key error collection: test.students index: studentId_1 dup key: { studentId: \"STU20250923001\" }","index":0,"keyPattern":{"studentId":1},"keyValue":{"studentId":"STU20250923001"}},"index":0,"keyPattern":{"studentId":1},"keyValue":{"studentId":"STU20250923001"},"level":"error","message":"create(): Failed to create Students E11000 duplicate key error collection: test.students index: studentId_1 dup key: { studentId: \"STU20250923001\" }","stack":"MongoServerError: E11000 duplicate key error collection: test.students index: studentId_1 dup key: { studentId: \"STU20250923001\" }\n    at InsertOneOperation.execute (/Users/rizwanahmed/Documents/project/Academy_Backend/src/node_modules/mongoose/node_modules/mongodb/lib/operations/insert.js:51:19)\n    at processTicksAndRejections (node:internal/process/task_queues:96:5)\n    at async tryOperation (/Users/rizwanahmed/Documents/project/Academy_Backend/src/node_modules/mongoose/node_modules/mongodb/lib/operations/execute_operation.js:207:20)\n    at async executeOperation (/Users/rizwanahmed/Documents/project/Academy_Backend/src/node_modules/mongoose/node_modules/mongodb/lib/operations/execute_operation.js:75:16)\n    at async Collection.insertOne (/Users/rizwanahmed/Documents/project/Academy_Backend/src/node_modules/mongoose/node_modules/mongodb/lib/collection.js:157:16)","timestamp":"2025-10-01 00:14:01"}
{"HTTPStatus":500,"cause":null,"isTrusted":true,"level":"error","message":"E11000 duplicate key error collection: test.students index: studentId_1 dup key: { studentId: \"STU20250923001\" } E11000 duplicate key error collection: test.students index: studentId_1 dup key: { studentId: \"STU20250923001\" }","name":"Failed to create Students","stack":"Failed to create Students: E11000 duplicate key error collection: test.students index: studentId_1 dup key: { studentId: \"STU20250923001\" }\n    at create (/Users/rizwanahmed/Documents/project/Academy_Backend/src/domains/student/service.js:18:11)\n    at processTicksAndRejections (node:internal/process/task_queues:96:5)\n    at async /Users/rizwanahmed/Documents/project/Academy_Backend/src/domains/student/api.js:43:22","timestamp":"2025-10-01 00:14:01"}
{"level":"info","message":"POST /api/v1/student/create","statusCode":500,"timestamp":"2025-10-01 00:14:01"}
{"level":"info","message":"POST /api/v1/student/create","timestamp":"2025-10-01 00:14:32"}
{"body":{"address":{"city":"Seoul","country":"South Korea","postalCode":"60000","state":"Seoul","street":"Sector A"},"birthday":"2015-05-12","bus":"68dbf2bd51719b9fa167dcc3","classRef":["68dbef9efe0d52d9ffcd9658"],"dateOfEnrollment":"2025-03-01","daysPreset":"Mon–Fri","englishFirst":"John","englishLast":"Doe","fatherPhone":"+82 10-5555-7777","grade":"5","koreanFamily":"김","koreanGiven":"철수","motherPhone":"+82 10-9876-5432","notes":"Allergic to peanuts. Needs special attention.","parentEmail":"parent.doe@gmail.com","school":"66f0a55c8e73e2c9e4a1b001","sex":"M","studentEmail":"johndoe@student.com","studentId":"STU20250923002","studentPhone":"+82 10-1234-5678","teacher":"68dbf2bd51719b9fa167dcc3"},"level":"info","message":"POST /api/v1/student/create","params":{},"query":{},"timestamp":"2025-10-01 00:14:32"}
{"id":"68dbf3da51719b9fa167dcc9","level":"info","message":"create(): Students created","timestamp":"2025-10-01 00:14:34"}
{"level":"info","message":"POST /api/v1/student/create","statusCode":201,"timestamp":"2025-10-01 00:14:34"}
{"level":"info","message":"Loading and validating config for the first time...","timestamp":"2025-10-01 00:23:30"}
{"level":"info","message":"Config loaded and validated","timestamp":"2025-10-01 00:23:30"}
{"level":"info","message":"Starting web server...","timestamp":"2025-10-01 00:23:31"}
{"level":"info","message":"Express middlewares are set up","timestamp":"2025-10-01 00:23:31"}
{"level":"info","message":"Defining routes...","timestamp":"2025-10-01 00:23:31"}
{"level":"info","message":"Setting up routes for Customer","timestamp":"2025-10-01 00:23:31"}
{"level":"info","message":"Setting up routes for Customer","timestamp":"2025-10-01 00:23:31"}
{"level":"info","message":"Setting up routes for Classes","timestamp":"2025-10-01 00:23:34"}
{"level":"info","message":"Setting up routes for Students","timestamp":"2025-10-01 00:23:35"}
{"level":"info","message":"Setting up routes for Bus","timestamp":"2025-10-01 00:23:35"}
{"level":"info","message":"Routes defined","timestamp":"2025-10-01 00:23:35"}
{"level":"info","message":"Server is about to listen to port 4000","timestamp":"2025-10-01 00:23:35"}
{"level":"info","message":"Server is running on :::4000","timestamp":"2025-10-01 00:23:35"}
{"level":"info","message":"Connecting to MongoDB...","timestamp":"2025-10-01 00:23:35"}
{"level":"info","message":"MongoDB connection is open","timestamp":"2025-10-01 00:23:37"}
{"level":"info","message":"Connected to MongoDB","timestamp":"2025-10-01 00:23:37"}
{"level":"error","message":"App received SIGINT event, try to gracefully close the server","timestamp":"2025-10-01 00:24:49"}
