{"level":"info","message":"Loading and validating config for the first time...","timestamp":"2025-09-23 00:04:15"}
{"level":"info","message":"Config loaded and validated","timestamp":"2025-09-23 00:04:15"}
{"level":"info","message":"Starting web server...","timestamp":"2025-09-23 00:04:15"}
{"level":"info","message":"Express middlewares are set up","timestamp":"2025-09-23 00:04:15"}
{"level":"info","message":"Defining routes...","timestamp":"2025-09-23 00:04:15"}
{"level":"info","message":"Setting up routes for Customer","timestamp":"2025-09-23 00:04:15"}
{"level":"info","message":"Setting up routes for Customer","timestamp":"2025-09-23 00:04:15"}
{"level":"info","message":"Setting up routes for Product","timestamp":"2025-09-23 00:04:15"}
{"level":"info","message":"Routes defined","timestamp":"2025-09-23 00:04:15"}
{"level":"info","message":"Server is about to listen to port 4000","timestamp":"2025-09-23 00:04:15"}
{"level":"info","message":"Server is running on :::4000","timestamp":"2025-09-23 00:04:15"}
{"level":"info","message":"Connecting to MongoDB...","timestamp":"2025-09-23 00:04:15"}
{"HTTPStatus":500,"cause":null,"isTrusted":true,"level":"error","message":"expressRouter.use is not a function expressRouter.use is not a function","name":"TypeError","stack":"TypeError: expressRouter.use is not a function\n    at defineRoutes (/Users/rizwanahmed/Documents/project/Academy_Backend/src/domains/class/index.js:4:17)\n    at defineRoutes (/Users/rizwanahmed/Documents/project/Academy_Backend/src/domains/index.js:7:4)\n    at defineRoutes (/Users/rizwanahmed/Documents/project/Academy_Backend/src/app.js:10:3)\n    at createExpressApp (/Users/rizwanahmed/Documents/project/Academy_Backend/src/server.js:27:3)\n    at startWebServer (/Users/rizwanahmed/Documents/project/Academy_Backend/src/server.js:34:22)\n    at start (/Users/rizwanahmed/Documents/project/Academy_Backend/src/start.js:4:9)\n    at Object.<anonymous> (/Users/rizwanahmed/Documents/project/Academy_Backend/src/start.js:7:1)\n    at Module._compile (node:internal/modules/cjs/loader:1198:14)\n    at Object.Module._extensions..js (node:internal/modules/cjs/loader:1252:10)\n    at Module.load (node:internal/modules/cjs/loader:1076:32)","timestamp":"2025-09-23 00:04:15"}
{"level":"info","message":"MongoDB connection is open","timestamp":"2025-09-23 00:04:17"}
{"level":"info","message":"Connected to MongoDB","timestamp":"2025-09-23 00:04:17"}
{"level":"info","message":"Loading and validating config for the first time...","timestamp":"2025-09-23 00:04:28"}
{"level":"info","message":"Config loaded and validated","timestamp":"2025-09-23 00:04:28"}
{"level":"info","message":"Starting web server...","timestamp":"2025-09-23 00:04:28"}
{"level":"info","message":"Express middlewares are set up","timestamp":"2025-09-23 00:04:28"}
{"level":"info","message":"Defining routes...","timestamp":"2025-09-23 00:04:28"}
{"level":"info","message":"Setting up routes for Customer","timestamp":"2025-09-23 00:04:28"}
{"level":"info","message":"Setting up routes for Customer","timestamp":"2025-09-23 00:04:28"}
{"level":"info","message":"Setting up routes for Product","timestamp":"2025-09-23 00:04:28"}
{"level":"info","message":"Routes defined","timestamp":"2025-09-23 00:04:28"}
{"level":"info","message":"Server is about to listen to port 4000","timestamp":"2025-09-23 00:04:28"}
{"level":"info","message":"Server is running on :::4000","timestamp":"2025-09-23 00:04:28"}
{"level":"info","message":"Connecting to MongoDB...","timestamp":"2025-09-23 00:04:28"}
{"HTTPStatus":500,"cause":null,"isTrusted":true,"level":"error","message":"expressRouter.use is not a function expressRouter.use is not a function","name":"TypeError","stack":"TypeError: expressRouter.use is not a function\n    at defineRoutes (/Users/rizwanahmed/Documents/project/Academy_Backend/src/domains/class/index.js:4:17)\n    at defineRoutes (/Users/rizwanahmed/Documents/project/Academy_Backend/src/domains/index.js:7:4)\n    at defineRoutes (/Users/rizwanahmed/Documents/project/Academy_Backend/src/app.js:10:3)\n    at createExpressApp (/Users/rizwanahmed/Documents/project/Academy_Backend/src/server.js:27:3)\n    at startWebServer (/Users/rizwanahmed/Documents/project/Academy_Backend/src/server.js:34:22)\n    at start (/Users/rizwanahmed/Documents/project/Academy_Backend/src/start.js:4:9)\n    at Object.<anonymous> (/Users/rizwanahmed/Documents/project/Academy_Backend/src/start.js:7:1)\n    at Module._compile (node:internal/modules/cjs/loader:1198:14)\n    at Object.Module._extensions..js (node:internal/modules/cjs/loader:1252:10)\n    at Module.load (node:internal/modules/cjs/loader:1076:32)","timestamp":"2025-09-23 00:04:28"}
{"level":"info","message":"MongoDB connection is open","timestamp":"2025-09-23 00:04:29"}
{"level":"info","message":"Connected to MongoDB","timestamp":"2025-09-23 00:04:29"}
{"level":"info","message":"Loading and validating config for the first time...","timestamp":"2025-09-23 00:04:49"}
{"level":"info","message":"Config loaded and validated","timestamp":"2025-09-23 00:04:49"}
{"level":"info","message":"Starting web server...","timestamp":"2025-09-23 00:04:49"}
{"level":"info","message":"Express middlewares are set up","timestamp":"2025-09-23 00:04:49"}
{"level":"info","message":"Defining routes...","timestamp":"2025-09-23 00:04:49"}
{"level":"info","message":"Setting up routes for Customer","timestamp":"2025-09-23 00:04:49"}
{"level":"info","message":"Setting up routes for Customer","timestamp":"2025-09-23 00:04:49"}
{"level":"info","message":"Setting up routes for Product","timestamp":"2025-09-23 00:04:49"}
{"level":"info","message":"Routes defined","timestamp":"2025-09-23 00:04:49"}
{"level":"info","message":"Server is about to listen to port 4000","timestamp":"2025-09-23 00:04:49"}
{"level":"info","message":"Server is running on :::4000","timestamp":"2025-09-23 00:04:49"}
{"level":"info","message":"Connecting to MongoDB...","timestamp":"2025-09-23 00:04:49"}
{"HTTPStatus":500,"cause":null,"isTrusted":true,"level":"error","message":"expressRouter.use is not a function expressRouter.use is not a function","name":"TypeError","stack":"TypeError: expressRouter.use is not a function\n    at defineRoutes (/Users/rizwanahmed/Documents/project/Academy_Backend/src/domains/class/index.js:4:17)\n    at defineRoutes (/Users/rizwanahmed/Documents/project/Academy_Backend/src/domains/index.js:7:4)\n    at defineRoutes (/Users/rizwanahmed/Documents/project/Academy_Backend/src/app.js:10:3)\n    at createExpressApp (/Users/rizwanahmed/Documents/project/Academy_Backend/src/server.js:27:3)\n    at startWebServer (/Users/rizwanahmed/Documents/project/Academy_Backend/src/server.js:34:22)\n    at start (/Users/rizwanahmed/Documents/project/Academy_Backend/src/start.js:4:9)\n    at Object.<anonymous> (/Users/rizwanahmed/Documents/project/Academy_Backend/src/start.js:7:1)\n    at Module._compile (node:internal/modules/cjs/loader:1198:14)\n    at Object.Module._extensions..js (node:internal/modules/cjs/loader:1252:10)\n    at Module.load (node:internal/modules/cjs/loader:1076:32)","timestamp":"2025-09-23 00:04:49"}
{"level":"info","message":"MongoDB connection is open","timestamp":"2025-09-23 00:04:51"}
{"level":"info","message":"Connected to MongoDB","timestamp":"2025-09-23 00:04:51"}
{"level":"info","message":"Loading and validating config for the first time...","timestamp":"2025-09-23 00:06:11"}
{"level":"info","message":"Config loaded and validated","timestamp":"2025-09-23 00:06:11"}
{"level":"info","message":"Starting web server...","timestamp":"2025-09-23 00:06:12"}
{"level":"info","message":"Express middlewares are set up","timestamp":"2025-09-23 00:06:12"}
{"level":"info","message":"Defining routes...","timestamp":"2025-09-23 00:06:12"}
{"level":"info","message":"Setting up routes for Customer","timestamp":"2025-09-23 00:06:12"}
{"level":"info","message":"Setting up routes for Customer","timestamp":"2025-09-23 00:06:12"}
{"level":"info","message":"Setting up routes for Product","timestamp":"2025-09-23 00:06:12"}
{"level":"info","message":"Routes defined","timestamp":"2025-09-23 00:06:12"}
{"level":"info","message":"Server is about to listen to port 4000","timestamp":"2025-09-23 00:06:12"}
{"level":"info","message":"Server is running on :::4000","timestamp":"2025-09-23 00:06:12"}
{"level":"info","message":"Connecting to MongoDB...","timestamp":"2025-09-23 00:06:12"}
{"HTTPStatus":500,"cause":null,"isTrusted":true,"level":"error","message":"expressRouter.use is not a function expressRouter.use is not a function","name":"TypeError","stack":"TypeError: expressRouter.use is not a function\n    at defineRoutes (/Users/rizwanahmed/Documents/project/Academy_Backend/src/domains/class/index.js:4:17)\n    at defineRoutes (/Users/rizwanahmed/Documents/project/Academy_Backend/src/domains/index.js:7:4)\n    at defineRoutes (/Users/rizwanahmed/Documents/project/Academy_Backend/src/app.js:10:3)\n    at createExpressApp (/Users/rizwanahmed/Documents/project/Academy_Backend/src/server.js:27:3)\n    at startWebServer (/Users/rizwanahmed/Documents/project/Academy_Backend/src/server.js:34:22)\n    at start (/Users/rizwanahmed/Documents/project/Academy_Backend/src/start.js:4:9)\n    at Object.<anonymous> (/Users/rizwanahmed/Documents/project/Academy_Backend/src/start.js:7:1)\n    at Module._compile (node:internal/modules/cjs/loader:1198:14)\n    at Object.Module._extensions..js (node:internal/modules/cjs/loader:1252:10)\n    at Module.load (node:internal/modules/cjs/loader:1076:32)","timestamp":"2025-09-23 00:06:12"}
{"level":"info","message":"Loading and validating config for the first time...","timestamp":"2025-09-23 00:06:13"}
{"level":"info","message":"Config loaded and validated","timestamp":"2025-09-23 00:06:13"}
{"level":"info","message":"Starting web server...","timestamp":"2025-09-23 00:06:13"}
{"level":"info","message":"Express middlewares are set up","timestamp":"2025-09-23 00:06:13"}
{"level":"info","message":"Defining routes...","timestamp":"2025-09-23 00:06:13"}
{"level":"info","message":"Setting up routes for Customer","timestamp":"2025-09-23 00:06:13"}
{"level":"info","message":"Setting up routes for Customer","timestamp":"2025-09-23 00:06:13"}
{"level":"info","message":"Setting up routes for Product","timestamp":"2025-09-23 00:06:13"}
{"level":"info","message":"Routes defined","timestamp":"2025-09-23 00:06:13"}
{"level":"info","message":"Server is about to listen to port 4000","timestamp":"2025-09-23 00:06:13"}
{"level":"info","message":"Server is running on :::4000","timestamp":"2025-09-23 00:06:13"}
{"level":"info","message":"Connecting to MongoDB...","timestamp":"2025-09-23 00:06:13"}
{"HTTPStatus":500,"cause":null,"isTrusted":true,"level":"error","message":"expressRouter.use is not a function expressRouter.use is not a function","name":"TypeError","stack":"TypeError: expressRouter.use is not a function\n    at defineRoutes (/Users/rizwanahmed/Documents/project/Academy_Backend/src/domains/class/index.js:4:17)\n    at defineRoutes (/Users/rizwanahmed/Documents/project/Academy_Backend/src/domains/index.js:7:4)\n    at defineRoutes (/Users/rizwanahmed/Documents/project/Academy_Backend/src/app.js:10:3)\n    at createExpressApp (/Users/rizwanahmed/Documents/project/Academy_Backend/src/server.js:27:3)\n    at startWebServer (/Users/rizwanahmed/Documents/project/Academy_Backend/src/server.js:34:22)\n    at start (/Users/rizwanahmed/Documents/project/Academy_Backend/src/start.js:4:9)\n    at Object.<anonymous> (/Users/rizwanahmed/Documents/project/Academy_Backend/src/start.js:7:1)\n    at Module._compile (node:internal/modules/cjs/loader:1198:14)\n    at Object.Module._extensions..js (node:internal/modules/cjs/loader:1252:10)\n    at Module.load (node:internal/modules/cjs/loader:1076:32)","timestamp":"2025-09-23 00:06:13"}
{"level":"info","message":"MongoDB connection is open","timestamp":"2025-09-23 00:06:14"}
{"level":"info","message":"Connected to MongoDB","timestamp":"2025-09-23 00:06:14"}
{"level":"info","message":"Loading and validating config for the first time...","timestamp":"2025-09-23 00:06:43"}
{"level":"info","message":"Config loaded and validated","timestamp":"2025-09-23 00:06:43"}
{"level":"info","message":"Starting web server...","timestamp":"2025-09-23 00:06:43"}
{"level":"info","message":"Express middlewares are set up","timestamp":"2025-09-23 00:06:43"}
{"level":"info","message":"Defining routes...","timestamp":"2025-09-23 00:06:43"}
{"level":"info","message":"Setting up routes for Customer","timestamp":"2025-09-23 00:06:43"}
{"level":"info","message":"Setting up routes for Customer","timestamp":"2025-09-23 00:06:43"}
{"level":"info","message":"Setting up routes for Product","timestamp":"2025-09-23 00:06:43"}
{"level":"info","message":"Routes defined","timestamp":"2025-09-23 00:06:43"}
{"level":"info","message":"Server is about to listen to port 4000","timestamp":"2025-09-23 00:06:43"}
{"level":"info","message":"Server is running on :::4000","timestamp":"2025-09-23 00:06:43"}
{"level":"info","message":"Connecting to MongoDB...","timestamp":"2025-09-23 00:06:43"}
{"HTTPStatus":500,"cause":null,"isTrusted":true,"level":"error","message":"expressRouter.use is not a function expressRouter.use is not a function","name":"TypeError","stack":"TypeError: expressRouter.use is not a function\n    at defineRoutes (/Users/rizwanahmed/Documents/project/Academy_Backend/src/domains/class/index.js:4:17)\n    at defineRoutes (/Users/rizwanahmed/Documents/project/Academy_Backend/src/domains/index.js:7:4)\n    at defineRoutes (/Users/rizwanahmed/Documents/project/Academy_Backend/src/app.js:10:3)\n    at createExpressApp (/Users/rizwanahmed/Documents/project/Academy_Backend/src/server.js:27:3)\n    at startWebServer (/Users/rizwanahmed/Documents/project/Academy_Backend/src/server.js:34:22)\n    at start (/Users/rizwanahmed/Documents/project/Academy_Backend/src/start.js:4:9)\n    at Object.<anonymous> (/Users/rizwanahmed/Documents/project/Academy_Backend/src/start.js:7:1)\n    at Module._compile (node:internal/modules/cjs/loader:1198:14)\n    at Object.Module._extensions..js (node:internal/modules/cjs/loader:1252:10)\n    at Module.load (node:internal/modules/cjs/loader:1076:32)","timestamp":"2025-09-23 00:06:43"}
{"level":"info","message":"MongoDB connection is open","timestamp":"2025-09-23 00:06:45"}
{"level":"info","message":"Connected to MongoDB","timestamp":"2025-09-23 00:06:45"}
{"level":"info","message":"Loading and validating config for the first time...","timestamp":"2025-09-23 00:07:38"}
{"level":"info","message":"Config loaded and validated","timestamp":"2025-09-23 00:07:38"}
{"level":"info","message":"Starting web server...","timestamp":"2025-09-23 00:07:38"}
{"level":"info","message":"Express middlewares are set up","timestamp":"2025-09-23 00:07:38"}
{"level":"info","message":"Defining routes...","timestamp":"2025-09-23 00:07:38"}
{"level":"info","message":"Setting up routes for Customer","timestamp":"2025-09-23 00:07:38"}
{"level":"info","message":"Setting up routes for Customer","timestamp":"2025-09-23 00:07:38"}
{"level":"info","message":"Setting up routes for Product","timestamp":"2025-09-23 00:07:38"}
{"level":"info","message":"Routes defined","timestamp":"2025-09-23 00:07:38"}
{"level":"info","message":"Server is about to listen to port 4000","timestamp":"2025-09-23 00:07:38"}
{"level":"info","message":"Server is running on :::4000","timestamp":"2025-09-23 00:07:38"}
{"level":"info","message":"Connecting to MongoDB...","timestamp":"2025-09-23 00:07:38"}
{"HTTPStatus":500,"cause":null,"isTrusted":true,"level":"error","message":"expressRouter.use is not a function expressRouter.use is not a function","name":"TypeError","stack":"TypeError: expressRouter.use is not a function\n    at defineRoutes (/Users/rizwanahmed/Documents/project/Academy_Backend/src/domains/class/index.js:4:17)\n    at defineRoutes (/Users/rizwanahmed/Documents/project/Academy_Backend/src/domains/index.js:7:4)\n    at defineRoutes (/Users/rizwanahmed/Documents/project/Academy_Backend/src/app.js:10:3)\n    at createExpressApp (/Users/rizwanahmed/Documents/project/Academy_Backend/src/server.js:27:3)\n    at startWebServer (/Users/rizwanahmed/Documents/project/Academy_Backend/src/server.js:34:22)\n    at start (/Users/rizwanahmed/Documents/project/Academy_Backend/src/start.js:4:9)\n    at Object.<anonymous> (/Users/rizwanahmed/Documents/project/Academy_Backend/src/start.js:7:1)\n    at Module._compile (node:internal/modules/cjs/loader:1198:14)\n    at Object.Module._extensions..js (node:internal/modules/cjs/loader:1252:10)\n    at Module.load (node:internal/modules/cjs/loader:1076:32)","timestamp":"2025-09-23 00:07:38"}
{"level":"info","message":"MongoDB connection is open","timestamp":"2025-09-23 00:07:40"}
{"level":"info","message":"Connected to MongoDB","timestamp":"2025-09-23 00:07:40"}
{"level":"info","message":"Loading and validating config for the first time...","timestamp":"2025-09-23 00:08:43"}
{"level":"info","message":"Config loaded and validated","timestamp":"2025-09-23 00:08:43"}
{"level":"info","message":"Starting web server...","timestamp":"2025-09-23 00:08:43"}
{"level":"info","message":"Express middlewares are set up","timestamp":"2025-09-23 00:08:43"}
{"level":"info","message":"Defining routes...","timestamp":"2025-09-23 00:08:43"}
{"level":"info","message":"Setting up routes for Customer","timestamp":"2025-09-23 00:08:43"}
{"level":"info","message":"Setting up routes for Customer","timestamp":"2025-09-23 00:08:43"}
{"level":"info","message":"Setting up routes for classes","timestamp":"2025-09-23 00:08:43"}
{"level":"info","message":"Routes defined","timestamp":"2025-09-23 00:08:43"}
{"level":"info","message":"Server is about to listen to port 4000","timestamp":"2025-09-23 00:08:43"}
{"level":"info","message":"Server is running on :::4000","timestamp":"2025-09-23 00:08:43"}
{"level":"info","message":"Connecting to MongoDB...","timestamp":"2025-09-23 00:08:43"}
{"HTTPStatus":500,"cause":null,"isTrusted":true,"level":"error","message":"expressRouter.use is not a function expressRouter.use is not a function","name":"TypeError","stack":"TypeError: expressRouter.use is not a function\n    at defineRoutes (/Users/rizwanahmed/Documents/project/Academy_Backend/src/domains/class/index.js:4:17)\n    at defineRoutes (/Users/rizwanahmed/Documents/project/Academy_Backend/src/domains/index.js:7:4)\n    at defineRoutes (/Users/rizwanahmed/Documents/project/Academy_Backend/src/app.js:10:3)\n    at createExpressApp (/Users/rizwanahmed/Documents/project/Academy_Backend/src/server.js:27:3)\n    at startWebServer (/Users/rizwanahmed/Documents/project/Academy_Backend/src/server.js:34:22)\n    at start (/Users/rizwanahmed/Documents/project/Academy_Backend/src/start.js:4:9)\n    at Object.<anonymous> (/Users/rizwanahmed/Documents/project/Academy_Backend/src/start.js:7:1)\n    at Module._compile (node:internal/modules/cjs/loader:1198:14)\n    at Object.Module._extensions..js (node:internal/modules/cjs/loader:1252:10)\n    at Module.load (node:internal/modules/cjs/loader:1076:32)","timestamp":"2025-09-23 00:08:43"}
{"level":"info","message":"MongoDB connection is open","timestamp":"2025-09-23 00:08:45"}
{"level":"info","message":"Connected to MongoDB","timestamp":"2025-09-23 00:08:45"}
{"level":"info","message":"Loading and validating config for the first time...","timestamp":"2025-09-23 00:09:05"}
{"level":"info","message":"Config loaded and validated","timestamp":"2025-09-23 00:09:05"}
{"level":"info","message":"Starting web server...","timestamp":"2025-09-23 00:09:05"}
{"level":"info","message":"Express middlewares are set up","timestamp":"2025-09-23 00:09:05"}
{"level":"info","message":"Defining routes...","timestamp":"2025-09-23 00:09:05"}
{"level":"info","message":"Setting up routes for Customer","timestamp":"2025-09-23 00:09:05"}
{"level":"info","message":"Setting up routes for Customer","timestamp":"2025-09-23 00:09:05"}
{"level":"info","message":"Setting up routes for Classes","timestamp":"2025-09-23 00:09:05"}
{"level":"info","message":"Routes defined","timestamp":"2025-09-23 00:09:05"}
{"level":"info","message":"Server is about to listen to port 4000","timestamp":"2025-09-23 00:09:05"}
{"level":"info","message":"Server is running on :::4000","timestamp":"2025-09-23 00:09:05"}
{"level":"info","message":"Connecting to MongoDB...","timestamp":"2025-09-23 00:09:05"}
{"HTTPStatus":500,"cause":null,"isTrusted":true,"level":"error","message":"expressRouter.use is not a function expressRouter.use is not a function","name":"TypeError","stack":"TypeError: expressRouter.use is not a function\n    at defineRoutes (/Users/rizwanahmed/Documents/project/Academy_Backend/src/domains/class/index.js:4:17)\n    at defineRoutes (/Users/rizwanahmed/Documents/project/Academy_Backend/src/domains/index.js:7:4)\n    at defineRoutes (/Users/rizwanahmed/Documents/project/Academy_Backend/src/app.js:10:3)\n    at createExpressApp (/Users/rizwanahmed/Documents/project/Academy_Backend/src/server.js:27:3)\n    at startWebServer (/Users/rizwanahmed/Documents/project/Academy_Backend/src/server.js:34:22)\n    at start (/Users/rizwanahmed/Documents/project/Academy_Backend/src/start.js:4:9)\n    at Object.<anonymous> (/Users/rizwanahmed/Documents/project/Academy_Backend/src/start.js:7:1)\n    at Module._compile (node:internal/modules/cjs/loader:1198:14)\n    at Object.Module._extensions..js (node:internal/modules/cjs/loader:1252:10)\n    at Module.load (node:internal/modules/cjs/loader:1076:32)","timestamp":"2025-09-23 00:09:05"}
{"level":"info","message":"MongoDB connection is open","timestamp":"2025-09-23 00:09:07"}
{"level":"info","message":"Connected to MongoDB","timestamp":"2025-09-23 00:09:07"}
{"level":"error","message":"App received SIGINT event, try to gracefully close the server","timestamp":"2025-09-23 00:09:22"}
{"level":"info","message":"Loading and validating config for the first time...","timestamp":"2025-09-23 00:09:25"}
{"level":"info","message":"Config loaded and validated","timestamp":"2025-09-23 00:09:25"}
{"level":"info","message":"Starting web server...","timestamp":"2025-09-23 00:09:25"}
{"level":"info","message":"Express middlewares are set up","timestamp":"2025-09-23 00:09:25"}
{"level":"info","message":"Defining routes...","timestamp":"2025-09-23 00:09:25"}
{"level":"info","message":"Setting up routes for Customer","timestamp":"2025-09-23 00:09:25"}
{"level":"info","message":"Setting up routes for Customer","timestamp":"2025-09-23 00:09:25"}
{"level":"info","message":"Setting up routes for Classes","timestamp":"2025-09-23 00:09:25"}
{"level":"info","message":"Routes defined","timestamp":"2025-09-23 00:09:25"}
{"level":"info","message":"Server is about to listen to port 4000","timestamp":"2025-09-23 00:09:25"}
{"level":"info","message":"Server is running on :::4000","timestamp":"2025-09-23 00:09:25"}
{"level":"info","message":"Connecting to MongoDB...","timestamp":"2025-09-23 00:09:25"}
{"HTTPStatus":500,"cause":null,"isTrusted":true,"level":"error","message":"expressRouter.use is not a function expressRouter.use is not a function","name":"TypeError","stack":"TypeError: expressRouter.use is not a function\n    at defineRoutes (/Users/rizwanahmed/Documents/project/Academy_Backend/src/domains/class/index.js:4:17)\n    at defineRoutes (/Users/rizwanahmed/Documents/project/Academy_Backend/src/domains/index.js:7:4)\n    at defineRoutes (/Users/rizwanahmed/Documents/project/Academy_Backend/src/app.js:10:3)\n    at createExpressApp (/Users/rizwanahmed/Documents/project/Academy_Backend/src/server.js:27:3)\n    at startWebServer (/Users/rizwanahmed/Documents/project/Academy_Backend/src/server.js:34:22)\n    at start (/Users/rizwanahmed/Documents/project/Academy_Backend/src/start.js:4:9)\n    at Object.<anonymous> (/Users/rizwanahmed/Documents/project/Academy_Backend/src/start.js:7:1)\n    at Module._compile (node:internal/modules/cjs/loader:1198:14)\n    at Object.Module._extensions..js (node:internal/modules/cjs/loader:1252:10)\n    at Module.load (node:internal/modules/cjs/loader:1076:32)","timestamp":"2025-09-23 00:09:25"}
{"level":"info","message":"MongoDB connection is open","timestamp":"2025-09-23 00:09:27"}
{"level":"info","message":"Connected to MongoDB","timestamp":"2025-09-23 00:09:27"}
{"level":"info","message":"Loading and validating config for the first time...","timestamp":"2025-09-23 00:09:57"}
{"level":"info","message":"Config loaded and validated","timestamp":"2025-09-23 00:09:57"}
{"level":"info","message":"Starting web server...","timestamp":"2025-09-23 00:09:57"}
{"level":"info","message":"Express middlewares are set up","timestamp":"2025-09-23 00:09:57"}
{"level":"info","message":"Defining routes...","timestamp":"2025-09-23 00:09:57"}
{"level":"info","message":"Setting up routes for Customer","timestamp":"2025-09-23 00:09:57"}
{"level":"info","message":"Setting up routes for Customer","timestamp":"2025-09-23 00:09:57"}
{"level":"info","message":"Setting up routes for Classes","timestamp":"2025-09-23 00:09:57"}
{"level":"info","message":"Routes defined","timestamp":"2025-09-23 00:09:57"}
{"level":"info","message":"Server is about to listen to port 4000","timestamp":"2025-09-23 00:09:57"}
{"level":"info","message":"Server is running on :::4000","timestamp":"2025-09-23 00:09:57"}
{"level":"info","message":"Connecting to MongoDB...","timestamp":"2025-09-23 00:09:57"}
{"HTTPStatus":500,"cause":null,"isTrusted":true,"level":"error","message":"expressRouter.use is not a function expressRouter.use is not a function","name":"TypeError","stack":"TypeError: expressRouter.use is not a function\n    at defineRoutes (/Users/rizwanahmed/Documents/project/Academy_Backend/src/domains/class/index.js:4:17)\n    at defineRoutes (/Users/rizwanahmed/Documents/project/Academy_Backend/src/domains/index.js:7:4)\n    at defineRoutes (/Users/rizwanahmed/Documents/project/Academy_Backend/src/app.js:10:3)\n    at createExpressApp (/Users/rizwanahmed/Documents/project/Academy_Backend/src/server.js:27:3)\n    at startWebServer (/Users/rizwanahmed/Documents/project/Academy_Backend/src/server.js:34:22)\n    at start (/Users/rizwanahmed/Documents/project/Academy_Backend/src/start.js:4:9)\n    at Object.<anonymous> (/Users/rizwanahmed/Documents/project/Academy_Backend/src/start.js:7:1)\n    at Module._compile (node:internal/modules/cjs/loader:1198:14)\n    at Object.Module._extensions..js (node:internal/modules/cjs/loader:1252:10)\n    at Module.load (node:internal/modules/cjs/loader:1076:32)","timestamp":"2025-09-23 00:09:57"}
{"level":"info","message":"MongoDB connection is open","timestamp":"2025-09-23 00:09:59"}
{"level":"info","message":"Connected to MongoDB","timestamp":"2025-09-23 00:09:59"}
{"level":"info","message":"Loading and validating config for the first time...","timestamp":"2025-09-23 00:11:01"}
{"level":"info","message":"Config loaded and validated","timestamp":"2025-09-23 00:11:01"}
{"level":"info","message":"Starting web server...","timestamp":"2025-09-23 00:11:01"}
{"level":"info","message":"Express middlewares are set up","timestamp":"2025-09-23 00:11:01"}
{"level":"info","message":"Defining routes...","timestamp":"2025-09-23 00:11:01"}
{"level":"info","message":"Setting up routes for Customer","timestamp":"2025-09-23 00:11:01"}
{"level":"info","message":"Setting up routes for Customer","timestamp":"2025-09-23 00:11:01"}
{"level":"info","message":"Setting up routes for Classes","timestamp":"2025-09-23 00:11:01"}
{"level":"info","message":"Routes defined","timestamp":"2025-09-23 00:11:01"}
{"level":"info","message":"Server is about to listen to port 4000","timestamp":"2025-09-23 00:11:01"}
{"level":"info","message":"Server is running on :::4000","timestamp":"2025-09-23 00:11:01"}
{"level":"info","message":"Connecting to MongoDB...","timestamp":"2025-09-23 00:11:01"}
{"HTTPStatus":500,"cause":null,"isTrusted":true,"level":"error","message":"expressRouter.use is not a function expressRouter.use is not a function","name":"TypeError","stack":"TypeError: expressRouter.use is not a function\n    at defineRoutes (/Users/rizwanahmed/Documents/project/Academy_Backend/src/domains/class/index.js:4:17)\n    at defineRoutes (/Users/rizwanahmed/Documents/project/Academy_Backend/src/domains/index.js:7:4)\n    at defineRoutes (/Users/rizwanahmed/Documents/project/Academy_Backend/src/app.js:10:3)\n    at createExpressApp (/Users/rizwanahmed/Documents/project/Academy_Backend/src/server.js:27:3)\n    at startWebServer (/Users/rizwanahmed/Documents/project/Academy_Backend/src/server.js:34:22)\n    at start (/Users/rizwanahmed/Documents/project/Academy_Backend/src/start.js:4:9)\n    at Object.<anonymous> (/Users/rizwanahmed/Documents/project/Academy_Backend/src/start.js:7:1)\n    at Module._compile (node:internal/modules/cjs/loader:1198:14)\n    at Object.Module._extensions..js (node:internal/modules/cjs/loader:1252:10)\n    at Module.load (node:internal/modules/cjs/loader:1076:32)","timestamp":"2025-09-23 00:11:01"}
{"level":"info","message":"MongoDB connection is open","timestamp":"2025-09-23 00:11:04"}
{"level":"info","message":"Connected to MongoDB","timestamp":"2025-09-23 00:11:04"}
{"level":"info","message":"Loading and validating config for the first time...","timestamp":"2025-09-23 00:12:28"}
{"level":"info","message":"Config loaded and validated","timestamp":"2025-09-23 00:12:28"}
{"level":"info","message":"Starting web server...","timestamp":"2025-09-23 00:12:28"}
{"level":"info","message":"Express middlewares are set up","timestamp":"2025-09-23 00:12:28"}
{"level":"info","message":"Defining routes...","timestamp":"2025-09-23 00:12:28"}
{"level":"info","message":"Setting up routes for Customer","timestamp":"2025-09-23 00:12:28"}
{"level":"info","message":"Setting up routes for Customer","timestamp":"2025-09-23 00:12:28"}
{"level":"info","message":"Setting up routes for Classes","timestamp":"2025-09-23 00:12:28"}
{"level":"info","message":"Routes defined","timestamp":"2025-09-23 00:12:28"}
{"level":"info","message":"Server is about to listen to port 4000","timestamp":"2025-09-23 00:12:28"}
{"level":"info","message":"Server is running on :::4000","timestamp":"2025-09-23 00:12:28"}
{"level":"info","message":"Connecting to MongoDB...","timestamp":"2025-09-23 00:12:28"}
{"HTTPStatus":500,"cause":null,"isTrusted":true,"level":"error","message":"expressRouter.use is not a function expressRouter.use is not a function","name":"TypeError","stack":"TypeError: expressRouter.use is not a function\n    at defineRoutes (/Users/rizwanahmed/Documents/project/Academy_Backend/src/domains/class/index.js:4:17)\n    at defineRoutes (/Users/rizwanahmed/Documents/project/Academy_Backend/src/domains/index.js:7:4)\n    at defineRoutes (/Users/rizwanahmed/Documents/project/Academy_Backend/src/app.js:10:3)\n    at createExpressApp (/Users/rizwanahmed/Documents/project/Academy_Backend/src/server.js:27:3)\n    at startWebServer (/Users/rizwanahmed/Documents/project/Academy_Backend/src/server.js:34:22)\n    at start (/Users/rizwanahmed/Documents/project/Academy_Backend/src/start.js:4:9)\n    at Object.<anonymous> (/Users/rizwanahmed/Documents/project/Academy_Backend/src/start.js:7:1)\n    at Module._compile (node:internal/modules/cjs/loader:1198:14)\n    at Object.Module._extensions..js (node:internal/modules/cjs/loader:1252:10)\n    at Module.load (node:internal/modules/cjs/loader:1076:32)","timestamp":"2025-09-23 00:12:28"}
{"level":"info","message":"MongoDB connection is open","timestamp":"2025-09-23 00:12:30"}
{"level":"info","message":"Connected to MongoDB","timestamp":"2025-09-23 00:12:30"}
{"level":"info","message":"Loading and validating config for the first time...","timestamp":"2025-09-23 00:14:24"}
{"level":"info","message":"Config loaded and validated","timestamp":"2025-09-23 00:14:24"}
{"level":"info","message":"Starting web server...","timestamp":"2025-09-23 00:14:25"}
{"level":"info","message":"Express middlewares are set up","timestamp":"2025-09-23 00:14:25"}
{"level":"info","message":"Defining routes...","timestamp":"2025-09-23 00:14:25"}
{"level":"info","message":"Setting up routes for Customer","timestamp":"2025-09-23 00:14:25"}
{"level":"info","message":"Setting up routes for Customer","timestamp":"2025-09-23 00:14:25"}
{"level":"info","message":"Setting up routes for Classes","timestamp":"2025-09-23 00:14:25"}
{"level":"info","message":"Routes defined","timestamp":"2025-09-23 00:14:25"}
{"level":"info","message":"Server is about to listen to port 4000","timestamp":"2025-09-23 00:14:25"}
{"level":"info","message":"Server is running on :::4000","timestamp":"2025-09-23 00:14:25"}
{"level":"info","message":"Connecting to MongoDB...","timestamp":"2025-09-23 00:14:25"}
{"level":"info","message":"MongoDB connection is open","timestamp":"2025-09-23 00:14:26"}
{"level":"info","message":"Connected to MongoDB","timestamp":"2025-09-23 00:14:26"}
{"level":"info","message":"GET /api/v1/class/create","timestamp":"2025-09-23 00:14:31"}
{"level":"info","message":"GET /api/v1/Classes/create","timestamp":"2025-09-23 00:14:46"}
{"body":{"classcode":"1a","classname":"class A","grade":1},"level":"info","message":"GET /api/v1/Classes/create","params":{"id":"create"},"query":{},"timestamp":"2025-09-23 00:14:46"}
{"errors":["\"_id\" is required","\"id\" is not allowed"],"level":"error","message":"GET /api/v1/Classes/create Validation failed","timestamp":"2025-09-23 00:14:46"}
{"level":"info","message":"GET /api/v1/Classes/create","statusCode":400,"timestamp":"2025-09-23 00:14:46"}
{"level":"info","message":"GET /api/v1/Classes/create","timestamp":"2025-09-23 00:15:30"}
{"body":{"classCode":"1a","className":"class A","grade":1},"level":"info","message":"GET /api/v1/Classes/create","params":{"id":"create"},"query":{},"timestamp":"2025-09-23 00:15:30"}
{"errors":["\"_id\" is required","\"id\" is not allowed"],"level":"error","message":"GET /api/v1/Classes/create Validation failed","timestamp":"2025-09-23 00:15:30"}
{"level":"info","message":"GET /api/v1/Classes/create","statusCode":400,"timestamp":"2025-09-23 00:15:30"}
{"level":"info","message":"POST /api/v1/Classes/create","timestamp":"2025-09-23 00:15:36"}
{"body":{"classCode":"1a","className":"class A","grade":1},"level":"info","message":"POST /api/v1/Classes/create","params":{},"query":{},"timestamp":"2025-09-23 00:15:36"}
{"id":"68d16818fefbeae4346fd5d3","level":"info","message":"create(): classes created","timestamp":"2025-09-23 00:15:36"}
{"level":"info","message":"POST /api/v1/Classes/create","statusCode":201,"timestamp":"2025-09-23 00:15:36"}
{"level":"info","message":"GET /api/v1/Classes/","timestamp":"2025-09-23 00:16:05"}
{"body":{},"level":"info","message":"GET /api/v1/Classes/","params":{},"query":{},"timestamp":"2025-09-23 00:16:05"}
{"count":1,"filter":{},"level":"info","message":"search(): filter and count","timestamp":"2025-09-23 00:16:05"}
{"level":"info","message":"GET /api/v1/Classes/","statusCode":200,"timestamp":"2025-09-23 00:16:05"}
{"level":"info","message":"GET /api/v1/Classes?id=68d16818fefbeae4346fd5d3","timestamp":"2025-09-23 00:17:15"}
{"body":{},"level":"info","message":"GET /api/v1/Classes?id=68d16818fefbeae4346fd5d3","params":{},"query":{"id":"68d16818fefbeae4346fd5d3"},"timestamp":"2025-09-23 00:17:15"}
{"count":1,"filter":{},"level":"info","message":"search(): filter and count","timestamp":"2025-09-23 00:17:15"}
{"level":"info","message":"GET /api/v1/Classes?id=68d16818fefbeae4346fd5d3","statusCode":200,"timestamp":"2025-09-23 00:17:15"}
{"level":"info","message":"GET /api/v1/Classes?id=68d16818fefbeae4346fd5d3","timestamp":"2025-09-23 00:17:35"}
{"body":{},"level":"info","message":"GET /api/v1/Classes?id=68d16818fefbeae4346fd5d3","params":{},"query":{"id":"68d16818fefbeae4346fd5d3"},"timestamp":"2025-09-23 00:17:35"}
{"count":1,"filter":{},"level":"info","message":"search(): filter and count","timestamp":"2025-09-23 00:17:35"}
{"level":"info","message":"GET /api/v1/Classes?id=68d16818fefbeae4346fd5d3","statusCode":200,"timestamp":"2025-09-23 00:17:35"}
{"level":"info","message":"PUT /api/v1/Classes?id=68d16818fefbeae4346fd5d3","timestamp":"2025-09-23 00:18:26"}
{"level":"info","message":"PUT /api/v1/Classes?id=68d16818fefbeae4346fd5d3","timestamp":"2025-09-23 00:18:52"}
{"level":"info","message":"PUT /api/v1/Classes?id=68d16818fefbeae4346fd5d3","timestamp":"2025-09-23 00:19:17"}
{"level":"info","message":"PUT /api/v1/Classes","timestamp":"2025-09-23 00:19:39"}
{"level":"error","message":"App received SIGINT event, try to gracefully close the server","timestamp":"2025-09-23 00:20:31"}
{"level":"info","message":"Loading and validating config for the first time...","timestamp":"2025-09-23 00:20:59"}
{"level":"info","message":"Config loaded and validated","timestamp":"2025-09-23 00:20:59"}
{"level":"info","message":"Starting web server...","timestamp":"2025-09-23 00:20:59"}
{"level":"info","message":"Express middlewares are set up","timestamp":"2025-09-23 00:20:59"}
{"level":"info","message":"Defining routes...","timestamp":"2025-09-23 00:20:59"}
{"level":"info","message":"Setting up routes for Customer","timestamp":"2025-09-23 00:20:59"}
{"level":"info","message":"Setting up routes for Customer","timestamp":"2025-09-23 00:20:59"}
{"level":"info","message":"Setting up routes for Classes","timestamp":"2025-09-23 00:20:59"}
{"level":"info","message":"Routes defined","timestamp":"2025-09-23 00:20:59"}
{"level":"info","message":"Server is about to listen to port 4000","timestamp":"2025-09-23 00:20:59"}
{"level":"info","message":"Server is running on :::4000","timestamp":"2025-09-23 00:20:59"}
{"level":"info","message":"Connecting to MongoDB...","timestamp":"2025-09-23 00:20:59"}
{"level":"info","message":"MongoDB connection is open","timestamp":"2025-09-23 00:21:01"}
{"level":"info","message":"Connected to MongoDB","timestamp":"2025-09-23 00:21:01"}
{"level":"info","message":"PUT /api/v1/Classes?id=68d16818fefbeae4346fd5d3","timestamp":"2025-09-23 00:21:05"}
{"level":"info","message":"PUT /api/v1/Classes?id=68d16818fefbeae4346fd5d3","timestamp":"2025-09-23 00:21:49"}
{"level":"info","message":"Loading and validating config for the first time...","timestamp":"2025-09-23 00:22:14"}
{"level":"info","message":"Config loaded and validated","timestamp":"2025-09-23 00:22:14"}
{"level":"info","message":"Starting web server...","timestamp":"2025-09-23 00:22:14"}
{"level":"info","message":"Express middlewares are set up","timestamp":"2025-09-23 00:22:14"}
{"level":"info","message":"Defining routes...","timestamp":"2025-09-23 00:22:14"}
{"level":"info","message":"Setting up routes for Customer","timestamp":"2025-09-23 00:22:14"}
{"level":"info","message":"Setting up routes for Customer","timestamp":"2025-09-23 00:22:14"}
{"level":"info","message":"Setting up routes for Classes","timestamp":"2025-09-23 00:22:14"}
{"level":"info","message":"Routes defined","timestamp":"2025-09-23 00:22:14"}
{"level":"info","message":"Server is about to listen to port 4000","timestamp":"2025-09-23 00:22:14"}
{"level":"info","message":"Server is running on :::4000","timestamp":"2025-09-23 00:22:14"}
{"level":"info","message":"Connecting to MongoDB...","timestamp":"2025-09-23 00:22:14"}
{"level":"info","message":"MongoDB connection is open","timestamp":"2025-09-23 00:22:16"}
{"level":"info","message":"Connected to MongoDB","timestamp":"2025-09-23 00:22:16"}
{"level":"info","message":"PUT /api/v1/Classes?id=68d16818fefbeae4346fd5d3","timestamp":"2025-09-23 00:22:33"}
{"level":"info","message":"PUT /api/v1/Classes?id=68d16818fefbeae4346fd5d3","timestamp":"2025-09-23 00:22:51"}
{"level":"info","message":"GET /api/v1/Classes/","timestamp":"2025-09-23 00:23:09"}
{"body":{},"level":"info","message":"GET /api/v1/Classes/","params":{},"query":{},"timestamp":"2025-09-23 00:23:09"}
{"count":1,"filter":{},"level":"info","message":"search(): filter and count","timestamp":"2025-09-23 00:23:09"}
{"level":"info","message":"GET /api/v1/Classes/","statusCode":200,"timestamp":"2025-09-23 00:23:09"}
{"level":"info","message":"GET /api/v1/Classes/?id=68d16818fefbeae4346fd5d3","timestamp":"2025-09-23 00:23:26"}
{"body":{},"level":"info","message":"GET /api/v1/Classes/?id=68d16818fefbeae4346fd5d3","params":{},"query":{"id":"68d16818fefbeae4346fd5d3"},"timestamp":"2025-09-23 00:23:26"}
{"count":1,"filter":{},"level":"info","message":"search(): filter and count","timestamp":"2025-09-23 00:23:26"}
{"level":"info","message":"GET /api/v1/Classes/?id=68d16818fefbeae4346fd5d3","statusCode":200,"timestamp":"2025-09-23 00:23:26"}
{"level":"info","message":"PUT /api/v1/Classes?id=68d16818fefbeae4346fd5d3","timestamp":"2025-09-23 00:23:34"}
{"level":"info","message":"PUT /api/v1/Classes?id=68d16818fefbeae4346fd5d3","timestamp":"2025-09-23 00:23:48"}
{"level":"info","message":"PUT /api/v1/Classes?id=68d16818fefbeae4346fd5d3","timestamp":"2025-09-23 00:23:49"}
{"level":"info","message":"PUT /api/v1/Classes?id=68d16818fefbeae4346fd5d3","timestamp":"2025-09-23 00:23:49"}
{"level":"info","message":"PUT /api/v1/Classes?id=68d16818fefbeae4346fd5d3","timestamp":"2025-09-23 00:24:09"}
{"level":"error","message":"App received SIGINT event, try to gracefully close the server","timestamp":"2025-09-23 00:24:21"}
{"level":"info","message":"Loading and validating config for the first time...","timestamp":"2025-09-23 00:24:24"}
{"level":"info","message":"Config loaded and validated","timestamp":"2025-09-23 00:24:24"}
{"level":"info","message":"Starting web server...","timestamp":"2025-09-23 00:24:25"}
{"level":"info","message":"Express middlewares are set up","timestamp":"2025-09-23 00:24:25"}
{"level":"info","message":"Defining routes...","timestamp":"2025-09-23 00:24:25"}
{"level":"info","message":"Setting up routes for Customer","timestamp":"2025-09-23 00:24:25"}
{"level":"info","message":"Setting up routes for Customer","timestamp":"2025-09-23 00:24:25"}
{"level":"info","message":"Setting up routes for Classes","timestamp":"2025-09-23 00:24:27"}
{"level":"info","message":"Routes defined","timestamp":"2025-09-23 00:24:29"}
{"level":"info","message":"Server is about to listen to port 4000","timestamp":"2025-09-23 00:24:29"}
{"level":"info","message":"Server is running on :::4000","timestamp":"2025-09-23 00:24:29"}
{"level":"info","message":"Connecting to MongoDB...","timestamp":"2025-09-23 00:24:29"}
{"level":"info","message":"MongoDB connection is open","timestamp":"2025-09-23 00:24:31"}
{"level":"info","message":"Connected to MongoDB","timestamp":"2025-09-23 00:24:31"}
{"level":"info","message":"POST /api/v1/Classes?id=68d16818fefbeae4346fd5d3","timestamp":"2025-09-23 00:24:38"}
{"level":"info","message":"PUT /api/v1/Classes?id=68d16818fefbeae4346fd5d3","timestamp":"2025-09-23 00:24:42"}
{"level":"info","message":"PATCH /api/v1/Classes?id=68d16818fefbeae4346fd5d3","timestamp":"2025-09-23 00:24:46"}
{"level":"info","message":"GET /api/v1/Classes?id=68d16818fefbeae4346fd5d3","timestamp":"2025-09-23 00:24:49"}
{"body":{"classCode":"1b","className":"class A","grade":1},"level":"info","message":"GET /api/v1/Classes?id=68d16818fefbeae4346fd5d3","params":{},"query":{"id":"68d16818fefbeae4346fd5d3"},"timestamp":"2025-09-23 00:24:49"}
{"count":1,"filter":{},"level":"info","message":"search(): filter and count","timestamp":"2025-09-23 00:24:49"}
{"level":"info","message":"GET /api/v1/Classes?id=68d16818fefbeae4346fd5d3","statusCode":200,"timestamp":"2025-09-23 00:24:49"}
{"level":"info","message":"PUT /api/v1/Classes?id=68d16818fefbeae4346fd5d3","timestamp":"2025-09-23 00:24:58"}
{"level":"info","message":"Loading and validating config for the first time...","timestamp":"2025-09-23 00:25:41"}
{"level":"info","message":"Config loaded and validated","timestamp":"2025-09-23 00:25:41"}
{"level":"info","message":"Starting web server...","timestamp":"2025-09-23 00:25:41"}
{"level":"info","message":"Express middlewares are set up","timestamp":"2025-09-23 00:25:41"}
{"level":"info","message":"Defining routes...","timestamp":"2025-09-23 00:25:41"}
{"level":"info","message":"Setting up routes for Customer","timestamp":"2025-09-23 00:25:41"}
{"level":"info","message":"Setting up routes for Customer","timestamp":"2025-09-23 00:25:41"}
{"level":"info","message":"Setting up routes for Classes","timestamp":"2025-09-23 00:25:44"}
{"level":"info","message":"Routes defined","timestamp":"2025-09-23 00:25:44"}
{"level":"info","message":"Server is about to listen to port 4000","timestamp":"2025-09-23 00:25:44"}
{"level":"info","message":"Server is running on :::4000","timestamp":"2025-09-23 00:25:44"}
{"level":"info","message":"Connecting to MongoDB...","timestamp":"2025-09-23 00:25:44"}
{"level":"info","message":"MongoDB connection is open","timestamp":"2025-09-23 00:25:46"}
{"level":"info","message":"Connected to MongoDB","timestamp":"2025-09-23 00:25:46"}
{"level":"info","message":"PUT /api/v1/Classes?id=68d16818fefbeae4346fd5d3","timestamp":"2025-09-23 00:25:50"}
{"level":"info","message":"PUT /api/v1/Classes/?id=68d16818fefbeae4346fd5d3","timestamp":"2025-09-23 00:26:03"}
{"level":"info","message":"PUT /api/v1/Classes/?id=68d16818fefbeae4346fd5d3","timestamp":"2025-09-23 00:26:05"}
{"level":"info","message":"PUT /api/v1/Classes/id=68d16818fefbeae4346fd5d3","timestamp":"2025-09-23 00:26:10"}
{"body":{"classCode":"1b","className":"class A","grade":1},"level":"info","message":"PUT /api/v1/Classes/id=68d16818fefbeae4346fd5d3","params":{"id":"id=68d16818fefbeae4346fd5d3"},"query":{},"timestamp":"2025-09-23 00:26:10"}
{"errors":["\"_id\" is required","\"id\" is not allowed"],"level":"error","message":"PUT /api/v1/Classes/id=68d16818fefbeae4346fd5d3 Validation failed","timestamp":"2025-09-23 00:26:13"}
{"level":"info","message":"PUT /api/v1/Classes/id=68d16818fefbeae4346fd5d3","statusCode":400,"timestamp":"2025-09-23 00:26:13"}
{"level":"info","message":"PUT /api/v1/Classes/id=68d16818fefbeae4346fd5d3","timestamp":"2025-09-23 00:26:27"}
{"level":"info","message":"Loading and validating config for the first time...","timestamp":"2025-09-23 00:27:29"}
{"level":"info","message":"Config loaded and validated","timestamp":"2025-09-23 00:27:29"}
{"level":"info","message":"Starting web server...","timestamp":"2025-09-23 00:27:29"}
{"level":"info","message":"Express middlewares are set up","timestamp":"2025-09-23 00:27:29"}
{"level":"info","message":"Defining routes...","timestamp":"2025-09-23 00:27:29"}
{"level":"info","message":"Setting up routes for Customer","timestamp":"2025-09-23 00:27:29"}
{"level":"info","message":"Setting up routes for Customer","timestamp":"2025-09-23 00:27:29"}
{"level":"info","message":"Setting up routes for Classes","timestamp":"2025-09-23 00:27:32"}
{"level":"info","message":"Routes defined","timestamp":"2025-09-23 00:27:33"}
{"level":"info","message":"Server is about to listen to port 4000","timestamp":"2025-09-23 00:27:33"}
{"level":"info","message":"Server is running on :::4000","timestamp":"2025-09-23 00:27:33"}
{"level":"info","message":"Connecting to MongoDB...","timestamp":"2025-09-23 00:27:33"}
{"level":"info","message":"MongoDB connection is open","timestamp":"2025-09-23 00:27:35"}
{"level":"info","message":"Connected to MongoDB","timestamp":"2025-09-23 00:27:35"}
{"level":"info","message":"PUT /api/v1/Classes/_id=68d16818fefbeae4346fd5d3","timestamp":"2025-09-23 00:27:39"}
{"level":"info","message":"Loading and validating config for the first time...","timestamp":"2025-09-23 00:27:50"}
{"level":"info","message":"Config loaded and validated","timestamp":"2025-09-23 00:27:50"}
{"level":"info","message":"Starting web server...","timestamp":"2025-09-23 00:27:51"}
{"level":"info","message":"Express middlewares are set up","timestamp":"2025-09-23 00:27:51"}
{"level":"info","message":"Defining routes...","timestamp":"2025-09-23 00:27:51"}
{"level":"info","message":"Setting up routes for Customer","timestamp":"2025-09-23 00:27:51"}
{"level":"info","message":"Setting up routes for Customer","timestamp":"2025-09-23 00:27:51"}
{"level":"info","message":"Setting up routes for Classes","timestamp":"2025-09-23 00:27:54"}
{"level":"info","message":"Routes defined","timestamp":"2025-09-23 00:27:56"}
{"level":"info","message":"Server is about to listen to port 4000","timestamp":"2025-09-23 00:27:56"}
{"level":"info","message":"Server is running on :::4000","timestamp":"2025-09-23 00:27:56"}
{"level":"info","message":"Connecting to MongoDB...","timestamp":"2025-09-23 00:27:56"}
{"level":"info","message":"MongoDB connection is open","timestamp":"2025-09-23 00:27:57"}
{"level":"info","message":"Connected to MongoDB","timestamp":"2025-09-23 00:27:57"}
{"level":"info","message":"Loading and validating config for the first time...","timestamp":"2025-09-23 00:28:24"}
{"level":"info","message":"Config loaded and validated","timestamp":"2025-09-23 00:28:24"}
{"level":"info","message":"Starting web server...","timestamp":"2025-09-23 00:28:25"}
{"level":"info","message":"Express middlewares are set up","timestamp":"2025-09-23 00:28:25"}
{"level":"info","message":"Defining routes...","timestamp":"2025-09-23 00:28:25"}
{"level":"info","message":"Setting up routes for Customer","timestamp":"2025-09-23 00:28:25"}
{"level":"info","message":"Setting up routes for Customer","timestamp":"2025-09-23 00:28:25"}
{"level":"info","message":"Setting up routes for Classes","timestamp":"2025-09-23 00:28:27"}
{"level":"info","message":"Routes defined","timestamp":"2025-09-23 00:28:29"}
{"level":"info","message":"Server is about to listen to port 4000","timestamp":"2025-09-23 00:28:29"}
{"level":"info","message":"Server is running on :::4000","timestamp":"2025-09-23 00:28:29"}
{"level":"info","message":"Connecting to MongoDB...","timestamp":"2025-09-23 00:28:29"}
{"level":"info","message":"MongoDB connection is open","timestamp":"2025-09-23 00:28:30"}
{"level":"info","message":"Connected to MongoDB","timestamp":"2025-09-23 00:28:30"}
{"level":"info","message":"PUT /api/v1/Classes/id=68d16818fefbeae4346fd5d3","timestamp":"2025-09-23 00:28:37"}
{"level":"info","message":"Loading and validating config for the first time...","timestamp":"2025-09-23 00:29:15"}
{"level":"info","message":"Config loaded and validated","timestamp":"2025-09-23 00:29:15"}
{"level":"info","message":"Starting web server...","timestamp":"2025-09-23 00:29:16"}
{"level":"info","message":"Express middlewares are set up","timestamp":"2025-09-23 00:29:16"}
{"level":"info","message":"Defining routes...","timestamp":"2025-09-23 00:29:16"}
{"level":"info","message":"Setting up routes for Customer","timestamp":"2025-09-23 00:29:16"}
{"level":"info","message":"Setting up routes for Customer","timestamp":"2025-09-23 00:29:16"}
{"level":"info","message":"Setting up routes for Classes","timestamp":"2025-09-23 00:29:18"}
{"level":"info","message":"Routes defined","timestamp":"2025-09-23 00:29:19"}
{"level":"info","message":"Server is about to listen to port 4000","timestamp":"2025-09-23 00:29:19"}
{"level":"info","message":"Server is running on :::4000","timestamp":"2025-09-23 00:29:19"}
{"level":"info","message":"Connecting to MongoDB...","timestamp":"2025-09-23 00:29:19"}
{"level":"info","message":"MongoDB connection is open","timestamp":"2025-09-23 00:29:21"}
{"level":"info","message":"Connected to MongoDB","timestamp":"2025-09-23 00:29:21"}
{"level":"info","message":"Loading and validating config for the first time...","timestamp":"2025-09-23 00:29:29"}
{"level":"info","message":"Config loaded and validated","timestamp":"2025-09-23 00:29:29"}
{"level":"info","message":"Starting web server...","timestamp":"2025-09-23 00:29:29"}
{"level":"info","message":"Express middlewares are set up","timestamp":"2025-09-23 00:29:29"}
{"level":"info","message":"Defining routes...","timestamp":"2025-09-23 00:29:29"}
{"level":"info","message":"Setting up routes for Customer","timestamp":"2025-09-23 00:29:29"}
{"level":"info","message":"Setting up routes for Customer","timestamp":"2025-09-23 00:29:29"}
{"level":"info","message":"Setting up routes for Classes","timestamp":"2025-09-23 00:29:31"}
{"level":"info","message":"Routes defined","timestamp":"2025-09-23 00:29:32"}
{"level":"info","message":"Server is about to listen to port 4000","timestamp":"2025-09-23 00:29:32"}
{"level":"info","message":"Server is running on :::4000","timestamp":"2025-09-23 00:29:32"}
{"level":"info","message":"Connecting to MongoDB...","timestamp":"2025-09-23 00:29:32"}
{"level":"info","message":"MongoDB connection is open","timestamp":"2025-09-23 00:29:35"}
{"level":"info","message":"Connected to MongoDB","timestamp":"2025-09-23 00:29:35"}
{"level":"info","message":"PUT /api/v1/Classes/68d16818fefbeae4346fd5d3","timestamp":"2025-09-23 00:29:37"}
{"body":{"classCode":"1b","className":"class A","grade":1},"level":"info","message":"PUT /api/v1/Classes/68d16818fefbeae4346fd5d3","params":{"id":"68d16818fefbeae4346fd5d3"},"query":{},"timestamp":"2025-09-23 00:29:37"}
{"errors":["\"_id\" is required","\"id\" is not allowed"],"level":"error","message":"PUT /api/v1/Classes/68d16818fefbeae4346fd5d3 Validation failed","timestamp":"2025-09-23 00:29:49"}
{"level":"info","message":"PUT /api/v1/Classes/68d16818fefbeae4346fd5d3","statusCode":400,"timestamp":"2025-09-23 00:29:49"}
{"level":"info","message":"Loading and validating config for the first time...","timestamp":"2025-09-23 00:30:39"}
{"level":"info","message":"Config loaded and validated","timestamp":"2025-09-23 00:30:39"}
{"level":"info","message":"Starting web server...","timestamp":"2025-09-23 00:30:39"}
{"level":"info","message":"Express middlewares are set up","timestamp":"2025-09-23 00:30:39"}
{"level":"info","message":"Defining routes...","timestamp":"2025-09-23 00:30:39"}
{"level":"info","message":"Setting up routes for Customer","timestamp":"2025-09-23 00:30:39"}
{"level":"info","message":"Setting up routes for Customer","timestamp":"2025-09-23 00:30:39"}
{"level":"info","message":"Setting up routes for Classes","timestamp":"2025-09-23 00:30:42"}
{"level":"info","message":"Routes defined","timestamp":"2025-09-23 00:30:43"}
{"level":"info","message":"Server is about to listen to port 4000","timestamp":"2025-09-23 00:30:43"}
{"level":"info","message":"Server is running on :::4000","timestamp":"2025-09-23 00:30:43"}
{"level":"info","message":"Connecting to MongoDB...","timestamp":"2025-09-23 00:30:43"}
{"level":"info","message":"MongoDB connection is open","timestamp":"2025-09-23 00:30:44"}
{"level":"info","message":"Connected to MongoDB","timestamp":"2025-09-23 00:30:44"}
{"level":"info","message":"PUT /api/v1/Classes/_id=68d16818fefbeae4346fd5d3","timestamp":"2025-09-23 00:30:55"}
{"level":"info","message":"Loading and validating config for the first time...","timestamp":"2025-09-23 00:32:19"}
{"level":"info","message":"Config loaded and validated","timestamp":"2025-09-23 00:32:19"}
{"level":"info","message":"Starting web server...","timestamp":"2025-09-23 00:32:20"}
{"level":"info","message":"Express middlewares are set up","timestamp":"2025-09-23 00:32:20"}
{"level":"info","message":"Defining routes...","timestamp":"2025-09-23 00:32:20"}
{"level":"info","message":"Setting up routes for Customer","timestamp":"2025-09-23 00:32:20"}
{"level":"info","message":"Setting up routes for Customer","timestamp":"2025-09-23 00:32:20"}
{"level":"info","message":"Setting up routes for Classes","timestamp":"2025-09-23 00:32:22"}
{"level":"info","message":"Routes defined","timestamp":"2025-09-23 00:32:23"}
{"level":"info","message":"Server is about to listen to port 4000","timestamp":"2025-09-23 00:32:23"}
{"level":"info","message":"Server is running on :::4000","timestamp":"2025-09-23 00:32:23"}
{"level":"info","message":"Connecting to MongoDB...","timestamp":"2025-09-23 00:32:23"}
{"level":"info","message":"MongoDB connection is open","timestamp":"2025-09-23 00:32:25"}
{"level":"info","message":"Connected to MongoDB","timestamp":"2025-09-23 00:32:25"}
{"level":"info","message":"PUT /api/v1/Classes/","timestamp":"2025-09-23 00:32:27"}
{"level":"info","message":"PUT /api/v1/Classes/","timestamp":"2025-09-23 00:32:29"}
{"level":"info","message":"PUT /api/v1/Classes/68d16818fefbeae4346fd5d3","timestamp":"2025-09-23 00:32:39"}
{"level":"info","message":"Loading and validating config for the first time...","timestamp":"2025-09-23 00:33:43"}
{"level":"info","message":"Config loaded and validated","timestamp":"2025-09-23 00:33:43"}
{"level":"info","message":"Starting web server...","timestamp":"2025-09-23 00:33:43"}
{"level":"info","message":"Express middlewares are set up","timestamp":"2025-09-23 00:33:43"}
{"level":"info","message":"Defining routes...","timestamp":"2025-09-23 00:33:43"}
{"level":"info","message":"Setting up routes for Customer","timestamp":"2025-09-23 00:33:43"}
{"level":"info","message":"Setting up routes for Customer","timestamp":"2025-09-23 00:33:43"}
{"level":"info","message":"Setting up routes for Classes","timestamp":"2025-09-23 00:35:43"}
{"level":"info","message":"Routes defined","timestamp":"2025-09-23 00:35:45"}
{"level":"info","message":"Server is about to listen to port 4000","timestamp":"2025-09-23 00:35:45"}
{"level":"info","message":"Server is running on :::4000","timestamp":"2025-09-23 00:35:45"}
{"level":"info","message":"Connecting to MongoDB...","timestamp":"2025-09-23 00:35:45"}
{"level":"info","message":"MongoDB connection is open","timestamp":"2025-09-23 00:35:47"}
{"level":"info","message":"Connected to MongoDB","timestamp":"2025-09-23 00:35:47"}
{"level":"info","message":"PUT /api/v1/Classes/?_id=68d16818fefbeae4346fd5d3","timestamp":"2025-09-23 00:35:51"}
{"level":"info","message":"PUT /api/v1/Classes/?_id=68d16818fefbeae4346fd5d3","timestamp":"2025-09-23 00:35:52"}
{"level":"info","message":"PUT /api/v1/Classes/?_id=68d16818fefbeae4346fd5d3","timestamp":"2025-09-23 00:35:58"}
{"level":"info","message":"Loading and validating config for the first time...","timestamp":"2025-09-23 00:36:15"}
{"level":"info","message":"Config loaded and validated","timestamp":"2025-09-23 00:36:15"}
{"level":"info","message":"Starting web server...","timestamp":"2025-09-23 00:36:15"}
{"level":"info","message":"Express middlewares are set up","timestamp":"2025-09-23 00:36:15"}
{"level":"info","message":"Defining routes...","timestamp":"2025-09-23 00:36:15"}
{"level":"info","message":"Setting up routes for Customer","timestamp":"2025-09-23 00:36:15"}
{"level":"info","message":"Setting up routes for Customer","timestamp":"2025-09-23 00:36:15"}
{"level":"info","message":"Setting up routes for Classes","timestamp":"2025-09-23 00:36:18"}
{"level":"info","message":"Routes defined","timestamp":"2025-09-23 00:36:18"}
{"level":"info","message":"Server is about to listen to port 4000","timestamp":"2025-09-23 00:36:18"}
{"level":"info","message":"Server is running on :::4000","timestamp":"2025-09-23 00:36:18"}
{"level":"info","message":"Connecting to MongoDB...","timestamp":"2025-09-23 00:36:18"}
{"level":"info","message":"MongoDB connection is open","timestamp":"2025-09-23 00:36:20"}
{"level":"info","message":"Connected to MongoDB","timestamp":"2025-09-23 00:36:20"}
{"level":"info","message":"PUT /api/v1/Classes/68d16818fefbeae4346fd5d3","timestamp":"2025-09-23 00:36:30"}
{"body":{"_id":"68d16818fefbeae4346fd5d3","classCode":"1b","className":"class A","grade":1},"level":"info","message":"PUT /api/v1/Classes/68d16818fefbeae4346fd5d3","params":{"_id":"68d16818fefbeae4346fd5d3"},"query":{},"timestamp":"2025-09-23 00:36:30"}
{"errors":["\"_id\" is not allowed"],"level":"error","message":"PUT /api/v1/Classes/68d16818fefbeae4346fd5d3 Validation failed","timestamp":"2025-09-23 00:36:35"}
{"level":"info","message":"PUT /api/v1/Classes/68d16818fefbeae4346fd5d3","statusCode":400,"timestamp":"2025-09-23 00:36:35"}
{"level":"info","message":"PUT /api/v1/Classes/68d16818fefbeae4346fd5d3","timestamp":"2025-09-23 00:36:50"}
{"level":"info","message":"Loading and validating config for the first time...","timestamp":"2025-09-23 00:37:23"}
{"level":"info","message":"Config loaded and validated","timestamp":"2025-09-23 00:37:23"}
{"level":"info","message":"Starting web server...","timestamp":"2025-09-23 00:37:23"}
{"level":"info","message":"Express middlewares are set up","timestamp":"2025-09-23 00:37:23"}
{"level":"info","message":"Defining routes...","timestamp":"2025-09-23 00:37:23"}
{"level":"info","message":"Setting up routes for Customer","timestamp":"2025-09-23 00:37:23"}
{"level":"info","message":"Setting up routes for Customer","timestamp":"2025-09-23 00:37:23"}
{"level":"info","message":"Setting up routes for Classes","timestamp":"2025-09-23 00:37:25"}
{"level":"info","message":"Routes defined","timestamp":"2025-09-23 00:37:26"}
{"level":"info","message":"Server is about to listen to port 4000","timestamp":"2025-09-23 00:37:26"}
{"level":"info","message":"Server is running on :::4000","timestamp":"2025-09-23 00:37:26"}
{"level":"info","message":"Connecting to MongoDB...","timestamp":"2025-09-23 00:37:26"}
{"level":"info","message":"MongoDB connection is open","timestamp":"2025-09-23 00:37:28"}
{"level":"info","message":"Connected to MongoDB","timestamp":"2025-09-23 00:37:28"}
{"level":"info","message":"PUT /api/v1/Classes/68d16818fefbeae4346fd5d3","timestamp":"2025-09-23 00:37:31"}
{"level":"info","message":"Loading and validating config for the first time...","timestamp":"2025-09-23 00:37:39"}
{"level":"info","message":"Config loaded and validated","timestamp":"2025-09-23 00:37:39"}
{"level":"info","message":"Starting web server...","timestamp":"2025-09-23 00:37:39"}
{"level":"info","message":"Express middlewares are set up","timestamp":"2025-09-23 00:37:39"}
{"level":"info","message":"Defining routes...","timestamp":"2025-09-23 00:37:39"}
{"level":"info","message":"Setting up routes for Customer","timestamp":"2025-09-23 00:37:39"}
{"level":"info","message":"Setting up routes for Customer","timestamp":"2025-09-23 00:37:39"}
{"level":"info","message":"Setting up routes for Classes","timestamp":"2025-09-23 00:37:41"}
{"level":"info","message":"Routes defined","timestamp":"2025-09-23 00:37:42"}
{"level":"info","message":"Server is about to listen to port 4000","timestamp":"2025-09-23 00:37:42"}
{"level":"info","message":"Server is running on :::4000","timestamp":"2025-09-23 00:37:42"}
{"level":"info","message":"Connecting to MongoDB...","timestamp":"2025-09-23 00:37:42"}
{"level":"info","message":"MongoDB connection is open","timestamp":"2025-09-23 00:37:43"}
{"level":"info","message":"Connected to MongoDB","timestamp":"2025-09-23 00:37:43"}
{"level":"info","message":"PUT /api/v1/Classes/68d16818fefbeae4346fd5d3","timestamp":"2025-09-23 00:37:47"}
{"level":"info","message":"Loading and validating config for the first time...","timestamp":"2025-09-23 00:38:28"}
{"level":"info","message":"Config loaded and validated","timestamp":"2025-09-23 00:38:28"}
{"level":"info","message":"Starting web server...","timestamp":"2025-09-23 00:38:29"}
{"level":"info","message":"Express middlewares are set up","timestamp":"2025-09-23 00:38:29"}
{"level":"info","message":"Defining routes...","timestamp":"2025-09-23 00:38:29"}
{"level":"info","message":"Setting up routes for Customer","timestamp":"2025-09-23 00:38:29"}
{"level":"info","message":"Setting up routes for Customer","timestamp":"2025-09-23 00:38:29"}
{"level":"info","message":"Setting up routes for Classes","timestamp":"2025-09-23 00:38:40"}
{"level":"info","message":"Routes defined","timestamp":"2025-09-23 00:38:41"}
{"level":"info","message":"Server is about to listen to port 4000","timestamp":"2025-09-23 00:38:41"}
{"level":"info","message":"Server is running on :::4000","timestamp":"2025-09-23 00:38:41"}
{"level":"info","message":"Connecting to MongoDB...","timestamp":"2025-09-23 00:38:41"}
{"level":"info","message":"MongoDB connection is open","timestamp":"2025-09-23 00:38:43"}
{"level":"info","message":"Connected to MongoDB","timestamp":"2025-09-23 00:38:43"}
{"level":"info","message":"PUT /api/v1/Classes/68d16818fefbeae4346fd5d3","timestamp":"2025-09-23 00:38:48"}
{"body":{"classCode":"1b","className":"class A","grade":1},"level":"info","message":"PUT /api/v1/Classes/68d16818fefbeae4346fd5d3","params":{"_id":"68d16818fefbeae4346fd5d3"},"query":{},"timestamp":"2025-09-23 00:38:48"}
{"level":"info","message":"updateById(): classes updated","timestamp":"2025-09-23 00:38:52"}
{"level":"info","message":"PUT /api/v1/Classes/68d16818fefbeae4346fd5d3","statusCode":200,"timestamp":"2025-09-23 00:38:52"}
{"level":"info","message":"GET /api/v1/Classes/?id=68d16818fefbeae4346fd5d3","timestamp":"2025-09-23 00:39:05"}
{"body":{},"level":"info","message":"GET /api/v1/Classes/?id=68d16818fefbeae4346fd5d3","params":{},"query":{"id":"68d16818fefbeae4346fd5d3"},"timestamp":"2025-09-23 00:39:05"}
{"count":1,"filter":{},"level":"info","message":"search(): filter and count","timestamp":"2025-09-23 00:39:05"}
{"level":"info","message":"GET /api/v1/Classes/?id=68d16818fefbeae4346fd5d3","statusCode":200,"timestamp":"2025-09-23 00:39:05"}
{"level":"info","message":"Loading and validating config for the first time...","timestamp":"2025-09-23 00:40:29"}
{"level":"info","message":"Config loaded and validated","timestamp":"2025-09-23 00:40:29"}
{"level":"info","message":"Starting web server...","timestamp":"2025-09-23 00:40:30"}
{"level":"info","message":"Express middlewares are set up","timestamp":"2025-09-23 00:40:30"}
{"level":"info","message":"Defining routes...","timestamp":"2025-09-23 00:40:30"}
{"level":"info","message":"Setting up routes for Customer","timestamp":"2025-09-23 00:40:30"}
{"level":"info","message":"Setting up routes for Customer","timestamp":"2025-09-23 00:40:30"}
{"level":"info","message":"Setting up routes for Classes","timestamp":"2025-09-23 00:40:33"}
{"level":"info","message":"Routes defined","timestamp":"2025-09-23 00:40:35"}
{"level":"info","message":"Server is about to listen to port 4000","timestamp":"2025-09-23 00:40:35"}
{"level":"info","message":"Server is running on :::4000","timestamp":"2025-09-23 00:40:35"}
{"level":"info","message":"Connecting to MongoDB...","timestamp":"2025-09-23 00:40:35"}
{"level":"info","message":"MongoDB connection is open","timestamp":"2025-09-23 00:40:37"}
{"level":"info","message":"Connected to MongoDB","timestamp":"2025-09-23 00:40:37"}
{"level":"info","message":"GET /api/v1/Classes/?id=68d16818fefbeae4346fd5d3","timestamp":"2025-09-23 00:40:40"}
{"body":{},"level":"info","message":"GET /api/v1/Classes/?id=68d16818fefbeae4346fd5d3","params":{},"query":{"id":"68d16818fefbeae4346fd5d3"},"timestamp":"2025-09-23 00:40:40"}
{"count":1,"filter":{},"level":"info","message":"search(): filter and count","timestamp":"2025-09-23 00:40:40"}
{"level":"info","message":"GET /api/v1/Classes/?id=68d16818fefbeae4346fd5d3","statusCode":200,"timestamp":"2025-09-23 00:40:40"}
{"level":"info","message":"PUT /api/v1/Classes/68d16818fefbeae4346fd5d3","timestamp":"2025-09-23 00:40:45"}
{"body":{"classCode":"1b","className":"class A","grade":1},"level":"info","message":"PUT /api/v1/Classes/68d16818fefbeae4346fd5d3","params":{"_id":"68d16818fefbeae4346fd5d3"},"query":{},"timestamp":"2025-09-23 00:40:45"}
{"level":"info","message":"updateById(): classes updated","timestamp":"2025-09-23 00:40:49"}
{"HTTPStatus":404,"cause":null,"isTrusted":true,"level":"error","message":"Classes not found Classes not found","name":"Classes not found","stack":"Classes not found: Classes not found\n    at /Users/rizwanahmed/Documents/project/Academy_Backend/src/domains/class/api.js:93:17\n    at processTicksAndRejections (node:internal/process/task_queues:96:5)","timestamp":"2025-09-23 00:40:49"}
{"level":"info","message":"PUT /api/v1/Classes/68d16818fefbeae4346fd5d3","statusCode":404,"timestamp":"2025-09-23 00:40:49"}
{"level":"info","message":"GET /api/v1/Classes/?id=68d16818fefbeae4346fd5d3","timestamp":"2025-09-23 00:40:57"}
{"body":{},"level":"info","message":"GET /api/v1/Classes/?id=68d16818fefbeae4346fd5d3","params":{},"query":{"id":"68d16818fefbeae4346fd5d3"},"timestamp":"2025-09-23 00:40:57"}
{"count":1,"filter":{},"level":"info","message":"search(): filter and count","timestamp":"2025-09-23 00:40:57"}
{"level":"info","message":"GET /api/v1/Classes/?id=68d16818fefbeae4346fd5d3","statusCode":200,"timestamp":"2025-09-23 00:40:57"}
{"level":"info","message":"GET /api/v1/Classes/?id=68d16818fefbeae4346fd5d3","timestamp":"2025-09-23 00:40:59"}
{"body":{},"level":"info","message":"GET /api/v1/Classes/?id=68d16818fefbeae4346fd5d3","params":{},"query":{"id":"68d16818fefbeae4346fd5d3"},"timestamp":"2025-09-23 00:40:59"}
{"count":1,"filter":{},"level":"info","message":"search(): filter and count","timestamp":"2025-09-23 00:40:59"}
{"level":"info","message":"GET /api/v1/Classes/?id=68d16818fefbeae4346fd5d3","statusCode":200,"timestamp":"2025-09-23 00:40:59"}
{"level":"info","message":"GET /api/v1/Classes/?id=68d16818fefbeae4346fd5d3","timestamp":"2025-09-23 00:41:00"}
{"body":{},"level":"info","message":"GET /api/v1/Classes/?id=68d16818fefbeae4346fd5d3","params":{},"query":{"id":"68d16818fefbeae4346fd5d3"},"timestamp":"2025-09-23 00:41:00"}
{"count":1,"filter":{},"level":"info","message":"search(): filter and count","timestamp":"2025-09-23 00:41:00"}
{"level":"info","message":"GET /api/v1/Classes/?id=68d16818fefbeae4346fd5d3","statusCode":200,"timestamp":"2025-09-23 00:41:00"}
{"level":"info","message":"GET /api/v1/Classes/","timestamp":"2025-09-23 00:41:03"}
{"body":{},"level":"info","message":"GET /api/v1/Classes/","params":{},"query":{},"timestamp":"2025-09-23 00:41:03"}
{"count":1,"filter":{},"level":"info","message":"search(): filter and count","timestamp":"2025-09-23 00:41:03"}
{"level":"info","message":"GET /api/v1/Classes/","statusCode":200,"timestamp":"2025-09-23 00:41:03"}
{"level":"info","message":"GET /api/v1/Classes/","timestamp":"2025-09-23 00:41:04"}
{"body":{},"level":"info","message":"GET /api/v1/Classes/","params":{},"query":{},"timestamp":"2025-09-23 00:41:04"}
{"count":1,"filter":{},"level":"info","message":"search(): filter and count","timestamp":"2025-09-23 00:41:04"}
{"level":"info","message":"GET /api/v1/Classes/","statusCode":200,"timestamp":"2025-09-23 00:41:04"}
{"level":"info","message":"PUT /api/v1/Classes/68d16818fefbeae4346fd5d3","timestamp":"2025-09-23 00:41:10"}
{"body":{"classCode":"1b","className":"class A","grade":1},"level":"info","message":"PUT /api/v1/Classes/68d16818fefbeae4346fd5d3","params":{"_id":"68d16818fefbeae4346fd5d3"},"query":{},"timestamp":"2025-09-23 00:41:10"}
{"level":"info","message":"updateById(): classes updated","timestamp":"2025-09-23 00:41:18"}
{"level":"info","message":"Loading and validating config for the first time...","timestamp":"2025-09-23 00:41:32"}
{"level":"info","message":"Config loaded and validated","timestamp":"2025-09-23 00:41:32"}
{"level":"info","message":"Starting web server...","timestamp":"2025-09-23 00:41:32"}
{"level":"info","message":"Express middlewares are set up","timestamp":"2025-09-23 00:41:32"}
{"level":"info","message":"Defining routes...","timestamp":"2025-09-23 00:41:32"}
{"level":"info","message":"Setting up routes for Customer","timestamp":"2025-09-23 00:41:32"}
{"level":"info","message":"Setting up routes for Customer","timestamp":"2025-09-23 00:41:32"}
{"level":"info","message":"Setting up routes for Classes","timestamp":"2025-09-23 00:41:35"}
{"level":"info","message":"Routes defined","timestamp":"2025-09-23 00:41:35"}
{"level":"info","message":"Server is about to listen to port 4000","timestamp":"2025-09-23 00:41:35"}
{"level":"info","message":"Server is running on :::4000","timestamp":"2025-09-23 00:41:35"}
{"level":"info","message":"Connecting to MongoDB...","timestamp":"2025-09-23 00:41:35"}
{"level":"info","message":"MongoDB connection is open","timestamp":"2025-09-23 00:41:37"}
{"level":"info","message":"Connected to MongoDB","timestamp":"2025-09-23 00:41:37"}
{"level":"info","message":"PUT /api/v1/Classes/68d16818fefbeae4346fd5d3","timestamp":"2025-09-23 00:42:06"}
{"body":{"classCode":"1b","className":"class A","grade":1},"level":"info","message":"PUT /api/v1/Classes/68d16818fefbeae4346fd5d3","params":{"_id":"68d16818fefbeae4346fd5d3"},"query":{},"timestamp":"2025-09-23 00:42:06"}
{"level":"info","message":"updateById(): classes updated","timestamp":"2025-09-23 00:42:25"}
{"level":"info","message":"Loading and validating config for the first time...","timestamp":"2025-09-23 00:42:45"}
{"level":"info","message":"Config loaded and validated","timestamp":"2025-09-23 00:42:45"}
{"level":"info","message":"Starting web server...","timestamp":"2025-09-23 00:42:46"}
{"level":"info","message":"Express middlewares are set up","timestamp":"2025-09-23 00:42:46"}
{"level":"info","message":"Defining routes...","timestamp":"2025-09-23 00:42:46"}
{"level":"info","message":"Setting up routes for Customer","timestamp":"2025-09-23 00:42:46"}
{"level":"info","message":"Setting up routes for Customer","timestamp":"2025-09-23 00:42:46"}
{"level":"info","message":"Setting up routes for Classes","timestamp":"2025-09-23 00:42:57"}
{"level":"info","message":"Routes defined","timestamp":"2025-09-23 00:42:58"}
{"level":"info","message":"Server is about to listen to port 4000","timestamp":"2025-09-23 00:42:58"}
{"level":"info","message":"Server is running on :::4000","timestamp":"2025-09-23 00:42:58"}
{"level":"info","message":"Connecting to MongoDB...","timestamp":"2025-09-23 00:42:58"}
{"level":"info","message":"MongoDB connection is open","timestamp":"2025-09-23 00:43:00"}
{"level":"info","message":"Connected to MongoDB","timestamp":"2025-09-23 00:43:00"}
{"level":"info","message":"PUT /api/v1/Classes/68d16818fefbeae4346fd5d3","timestamp":"2025-09-23 00:43:03"}
{"body":{"classCode":"1b","className":"class A","grade":1},"level":"info","message":"PUT /api/v1/Classes/68d16818fefbeae4346fd5d3","params":{"_id":"68d16818fefbeae4346fd5d3"},"query":{},"timestamp":"2025-09-23 00:43:03"}
{"id":"68d16818fefbeae4346fd5d3","level":"info","message":"updateById(): classes updated","timestamp":"2025-09-23 00:43:09"}
{"level":"info","message":"PUT /api/v1/Classes/68d16818fefbeae4346fd5d3","statusCode":200,"timestamp":"2025-09-23 00:43:14"}
{"level":"error","message":"App received SIGINT event, try to gracefully close the server","timestamp":"2025-09-23 00:43:25"}
