{"level":"info","message":"POST /api/v1/student/create","timestamp":"2025-09-24 00:02:59"}
{"body":{"birthday":"2015-05-12","classRef":"68d16818fefbeae4346fd5d3","dateOfEnrollment":"2025-03-01","daysPreset":"Mon–Fri","englishFirst":"John","englishLast":"Doe","fatherPhone":"+82 10-5555-7777","grade":"5","koreanFamily":"김","koreanGiven":"철수","motherPhone":"+82 10-9876-5432","notes":"Allergic to peanuts. Needs special attention.","parentEmail":"parent.doe@gmail.com","school":"66f0a55c8e73e2c9e4a1b001","sex":"M","studentEmail":"johndoe@student.com","studentId":"STU20250923001","studentPhone":"+82 10-1234-5678"},"level":"info","message":"POST /api/v1/student/create","params":{},"query":{},"timestamp":"2025-09-24 00:02:59"}
{"errors":["\"className\" is required","\"classCode\" is required","\"studentId\" is not allowed","\"englishFirst\" is not allowed","\"englishLast\" is not allowed","\"koreanFamily\" is not allowed","\"koreanGiven\" is not allowed","\"sex\" is not allowed","\"dateOfEnrollment\" is not allowed","\"birthday\" is not allowed","\"daysPreset\" is not allowed","\"studentPhone\" is not allowed","\"motherPhone\" is not allowed","\"fatherPhone\" is not allowed","\"studentEmail\" is not allowed","\"parentEmail\" is not allowed","\"notes\" is not allowed","\"school\" is not allowed","\"classRef\" is not allowed"],"level":"error","message":"POST /api/v1/student/create Validation failed","timestamp":"2025-09-24 00:03:02"}
{"level":"info","message":"POST /api/v1/student/create","statusCode":400,"timestamp":"2025-09-24 00:03:02"}
{"level":"info","message":"Loading and validating config for the first time...","timestamp":"2025-09-24 00:03:56"}
{"level":"info","message":"Config loaded and validated","timestamp":"2025-09-24 00:03:56"}
{"level":"info","message":"Starting web server...","timestamp":"2025-09-24 00:03:56"}
{"level":"info","message":"Express middlewares are set up","timestamp":"2025-09-24 00:03:56"}
{"level":"info","message":"Defining routes...","timestamp":"2025-09-24 00:03:56"}
{"level":"info","message":"Setting up routes for Customer","timestamp":"2025-09-24 00:03:56"}
{"level":"info","message":"Setting up routes for Customer","timestamp":"2025-09-24 00:03:56"}
{"level":"info","message":"Setting up routes for Classes","timestamp":"2025-09-24 00:03:58"}
{"level":"info","message":"Setting up routes for Students","timestamp":"2025-09-24 00:03:59"}
{"level":"info","message":"Routes defined","timestamp":"2025-09-24 00:03:59"}
{"level":"info","message":"Server is about to listen to port 4000","timestamp":"2025-09-24 00:03:59"}
{"level":"info","message":"Server is running on :::4000","timestamp":"2025-09-24 00:03:59"}
{"level":"info","message":"Connecting to MongoDB...","timestamp":"2025-09-24 00:03:59"}
{"level":"info","message":"MongoDB connection is open","timestamp":"2025-09-24 00:04:01"}
{"level":"info","message":"Connected to MongoDB","timestamp":"2025-09-24 00:04:01"}
{"level":"info","message":"POST /api/v1/student/create","timestamp":"2025-09-24 00:04:05"}
{"body":{"birthday":"2015-05-12","classRef":"68d16818fefbeae4346fd5d3","dateOfEnrollment":"2025-03-01","daysPreset":"Mon–Fri","englishFirst":"John","englishLast":"Doe","fatherPhone":"+82 10-5555-7777","grade":"5","koreanFamily":"김","koreanGiven":"철수","motherPhone":"+82 10-9876-5432","notes":"Allergic to peanuts. Needs special attention.","parentEmail":"parent.doe@gmail.com","school":"66f0a55c8e73e2c9e4a1b001","sex":"M","studentEmail":"johndoe@student.com","studentId":"STU20250923001","studentPhone":"+82 10-1234-5678"},"level":"info","message":"POST /api/v1/student/create","params":{},"query":{},"timestamp":"2025-09-24 00:04:05"}
{"errors":["\"englishFirst\" is not allowed","\"englishLast\" is not allowed","\"koreanFamily\" is not allowed","\"koreanGiven\" is not allowed","\"dateOfEnrollment\" is not allowed","\"grade\" is not allowed","\"birthday\" is not allowed","\"daysPreset\" is not allowed","\"studentPhone\" is not allowed","\"motherPhone\" is not allowed","\"fatherPhone\" is not allowed","\"studentEmail\" is not allowed","\"parentEmail\" is not allowed","\"notes\" is not allowed","\"school\" is not allowed","\"classRef\" is not allowed"],"level":"error","message":"POST /api/v1/student/create Validation failed","timestamp":"2025-09-24 00:04:08"}
{"level":"info","message":"POST /api/v1/student/create","statusCode":400,"timestamp":"2025-09-24 00:04:08"}
{"level":"info","message":"Loading and validating config for the first time...","timestamp":"2025-09-24 00:05:06"}
{"level":"info","message":"Config loaded and validated","timestamp":"2025-09-24 00:05:06"}
{"level":"info","message":"Starting web server...","timestamp":"2025-09-24 00:05:06"}
{"level":"info","message":"Express middlewares are set up","timestamp":"2025-09-24 00:05:06"}
{"level":"info","message":"Defining routes...","timestamp":"2025-09-24 00:05:06"}
{"level":"info","message":"Setting up routes for Customer","timestamp":"2025-09-24 00:05:06"}
{"level":"info","message":"Setting up routes for Customer","timestamp":"2025-09-24 00:05:06"}
{"level":"info","message":"Setting up routes for Classes","timestamp":"2025-09-24 00:05:10"}
{"level":"info","message":"Setting up routes for Students","timestamp":"2025-09-24 00:05:12"}
{"level":"info","message":"Routes defined","timestamp":"2025-09-24 00:05:12"}
{"level":"info","message":"Server is about to listen to port 4000","timestamp":"2025-09-24 00:05:12"}
{"level":"info","message":"Server is running on :::4000","timestamp":"2025-09-24 00:05:12"}
{"level":"info","message":"Connecting to MongoDB...","timestamp":"2025-09-24 00:05:12"}
{"level":"info","message":"MongoDB connection is open","timestamp":"2025-09-24 00:05:13"}
{"level":"info","message":"Connected to MongoDB","timestamp":"2025-09-24 00:05:13"}
{"level":"info","message":"POST /api/v1/student/create","timestamp":"2025-09-24 00:05:17"}
{"body":{"birthday":"2015-05-12","classRef":"68d16818fefbeae4346fd5d3","dateOfEnrollment":"2025-03-01","daysPreset":"Mon–Fri","englishFirst":"John","englishLast":"Doe","fatherPhone":"+82 10-5555-7777","grade":"5","koreanFamily":"김","koreanGiven":"철수","motherPhone":"+82 10-9876-5432","notes":"Allergic to peanuts. Needs special attention.","parentEmail":"parent.doe@gmail.com","school":"66f0a55c8e73e2c9e4a1b001","sex":"M","studentEmail":"johndoe@student.com","studentId":"STU20250923001","studentPhone":"+82 10-1234-5678"},"level":"info","message":"POST /api/v1/student/create","params":{},"query":{},"timestamp":"2025-09-24 00:05:17"}
{"id":"68d2b731d34aff958fe631d1","level":"info","message":"create(): Students created","timestamp":"2025-09-24 00:05:22"}
{"level":"info","message":"POST /api/v1/student/create","statusCode":201,"timestamp":"2025-09-24 00:05:22"}
{"level":"info","message":"POST /api/v1/student/","timestamp":"2025-09-24 00:30:50"}
{"level":"info","message":"GET /api/v1/student/","timestamp":"2025-09-24 00:30:57"}
{"body":{},"level":"info","message":"GET /api/v1/student/","params":{},"query":{},"timestamp":"2025-09-24 00:30:57"}
{"count":1,"filter":{},"level":"info","message":"search(): filter and count","timestamp":"2025-09-24 00:30:58"}
{"level":"info","message":"GET /api/v1/student/","statusCode":200,"timestamp":"2025-09-24 00:30:58"}
{"level":"info","message":"GET /api/v1/student/?id=68d2b731d34aff958fe631d1","timestamp":"2025-09-24 00:31:24"}
{"body":{},"level":"info","message":"GET /api/v1/student/?id=68d2b731d34aff958fe631d1","params":{},"query":{"id":"68d2b731d34aff958fe631d1"},"timestamp":"2025-09-24 00:31:24"}
{"count":1,"filter":{},"level":"info","message":"search(): filter and count","timestamp":"2025-09-24 00:31:24"}
{"level":"info","message":"GET /api/v1/student/?id=68d2b731d34aff958fe631d1","statusCode":200,"timestamp":"2025-09-24 00:31:24"}
{"level":"info","message":"GET /api/v1/student/","timestamp":"2025-09-24 00:31:53"}
{"body":{},"level":"info","message":"GET /api/v1/student/","params":{},"query":{},"timestamp":"2025-09-24 00:31:53"}
{"count":1,"filter":{},"level":"info","message":"search(): filter and count","timestamp":"2025-09-24 00:31:53"}
{"level":"info","message":"GET /api/v1/student/","statusCode":200,"timestamp":"2025-09-24 00:31:53"}
{"level":"info","message":"PUT /api/v1/student/68d2b731d34aff958fe631d1","timestamp":"2025-09-24 00:35:42"}
{"body":{"studentEmail":"rizwan@student.com"},"level":"info","message":"PUT /api/v1/student/68d2b731d34aff958fe631d1","params":{"_id":"68d2b731d34aff958fe631d1"},"query":{},"timestamp":"2025-09-24 00:35:42"}
{"errors":["\"studentId\" is required","\"sex\" is required","\"studentEmail\" is not allowed"],"level":"error","message":"PUT /api/v1/student/68d2b731d34aff958fe631d1 Validation failed","timestamp":"2025-09-24 00:35:46"}
{"level":"info","message":"PUT /api/v1/student/68d2b731d34aff958fe631d1","statusCode":400,"timestamp":"2025-09-24 00:35:46"}
{"level":"info","message":"Loading and validating config for the first time...","timestamp":"2025-09-24 00:36:18"}
{"level":"info","message":"Config loaded and validated","timestamp":"2025-09-24 00:36:18"}
{"level":"info","message":"Starting web server...","timestamp":"2025-09-24 00:36:19"}
{"level":"info","message":"Express middlewares are set up","timestamp":"2025-09-24 00:36:19"}
{"level":"info","message":"Defining routes...","timestamp":"2025-09-24 00:36:19"}
{"level":"info","message":"Setting up routes for Customer","timestamp":"2025-09-24 00:36:19"}
{"level":"info","message":"Setting up routes for Customer","timestamp":"2025-09-24 00:36:19"}
{"level":"info","message":"Setting up routes for Classes","timestamp":"2025-09-24 00:36:22"}
{"level":"info","message":"Setting up routes for Students","timestamp":"2025-09-24 00:36:24"}
{"level":"info","message":"Routes defined","timestamp":"2025-09-24 00:36:24"}
{"level":"info","message":"Server is about to listen to port 4000","timestamp":"2025-09-24 00:36:24"}
{"level":"info","message":"Server is running on :::4000","timestamp":"2025-09-24 00:36:24"}
{"level":"info","message":"Connecting to MongoDB...","timestamp":"2025-09-24 00:36:24"}
{"level":"info","message":"MongoDB connection is open","timestamp":"2025-09-24 00:36:26"}
{"level":"info","message":"Connected to MongoDB","timestamp":"2025-09-24 00:36:26"}
{"level":"info","message":"PUT /api/v1/student/68d2b731d34aff958fe631d1","timestamp":"2025-09-24 00:36:33"}
{"body":{"studentEmail":"rizwan@student.com"},"level":"info","message":"PUT /api/v1/student/68d2b731d34aff958fe631d1","params":{"_id":"68d2b731d34aff958fe631d1"},"query":{},"timestamp":"2025-09-24 00:36:33"}
{"id":"68d2b731d34aff958fe631d1","level":"info","message":"updateById(): Students updated","timestamp":"2025-09-24 00:36:33"}
{"level":"info","message":"PUT /api/v1/student/68d2b731d34aff958fe631d1","statusCode":200,"timestamp":"2025-09-24 00:36:33"}
{"level":"error","message":"App received SIGINT event, try to gracefully close the server","timestamp":"2025-09-24 00:37:05"}
