{"level":"info","message":"Loading and validating config for the first time...","timestamp":"2025-10-04 21:56:20"}
{"level":"info","message":"Config loaded and validated","timestamp":"2025-10-04 21:56:20"}
{"level":"info","message":"Starting web server...","timestamp":"2025-10-04 21:56:20"}
{"level":"info","message":"Express middlewares are set up","timestamp":"2025-10-04 21:56:20"}
{"level":"info","message":"Defining routes...","timestamp":"2025-10-04 21:56:20"}
{"level":"info","message":"Setting up routes for User","timestamp":"2025-10-04 21:56:20"}
{"level":"info","message":"Setting up routes for User","timestamp":"2025-10-04 21:56:20"}
{"level":"info","message":"Setting up routes for Classes","timestamp":"2025-10-04 21:56:22"}
{"level":"info","message":"Setting up routes for Student","timestamp":"2025-10-04 21:56:24"}
{"level":"info","message":"Setting up routes for Bus","timestamp":"2025-10-04 21:56:26"}
{"level":"info","message":"Setting up routes for Course","timestamp":"2025-10-04 21:56:26"}
{"level":"info","message":"Routes defined","timestamp":"2025-10-04 21:56:26"}
{"level":"info","message":"Server is about to listen to port 4000","timestamp":"2025-10-04 21:56:26"}
{"level":"info","message":"Server is running on :::4000","timestamp":"2025-10-04 21:56:26"}
{"level":"info","message":"Connecting to MongoDB...","timestamp":"2025-10-04 21:56:26"}
{"level":"info","message":"MongoDB connection is open","timestamp":"2025-10-04 21:56:27"}
{"level":"info","message":"Connected to MongoDB","timestamp":"2025-10-04 21:56:27"}
{"level":"error","message":"App received SIGINT event, try to gracefully close the server","timestamp":"2025-10-04 21:57:19"}
{"level":"info","message":"Loading and validating config for the first time...","timestamp":"2025-10-04 21:57:22"}
{"level":"info","message":"Config loaded and validated","timestamp":"2025-10-04 21:57:22"}
{"level":"info","message":"Starting web server...","timestamp":"2025-10-04 21:57:22"}
{"level":"info","message":"Express middlewares are set up","timestamp":"2025-10-04 21:57:22"}
{"level":"info","message":"Defining routes...","timestamp":"2025-10-04 21:57:22"}
{"level":"info","message":"Setting up routes for User","timestamp":"2025-10-04 21:57:22"}
{"level":"info","message":"Setting up routes for User","timestamp":"2025-10-04 21:57:22"}
{"level":"info","message":"Setting up routes for Classes","timestamp":"2025-10-04 21:57:26"}
{"level":"info","message":"Setting up routes for Student","timestamp":"2025-10-04 21:57:26"}
{"level":"info","message":"Setting up routes for Bus","timestamp":"2025-10-04 21:57:29"}
{"level":"info","message":"Setting up routes for Course","timestamp":"2025-10-04 21:57:29"}
{"level":"info","message":"Routes defined","timestamp":"2025-10-04 21:57:29"}
{"level":"info","message":"Server is about to listen to port 4000","timestamp":"2025-10-04 21:57:29"}
{"level":"info","message":"Server is running on :::4000","timestamp":"2025-10-04 21:57:29"}
{"level":"info","message":"Connecting to MongoDB...","timestamp":"2025-10-04 21:57:29"}
{"level":"info","message":"MongoDB connection is open","timestamp":"2025-10-04 21:57:30"}
{"level":"info","message":"Connected to MongoDB","timestamp":"2025-10-04 21:57:30"}
{"level":"info","message":"GET /api/v1/student/getAll","timestamp":"2025-10-04 21:57:35"}
{"body":{},"level":"info","message":"GET /api/v1/student/getAll","params":{"_id":"getAll"},"query":{},"timestamp":"2025-10-04 21:57:35"}
{"errors":["\"_id\" contains an invalid value"],"level":"error","message":"GET /api/v1/student/getAll Validation failed","timestamp":"2025-10-04 21:57:37"}
{"level":"info","message":"GET /api/v1/student/getAll","statusCode":400,"timestamp":"2025-10-04 21:57:37"}
{"level":"info","message":"Loading and validating config for the first time...","timestamp":"2025-10-04 21:58:31"}
{"level":"info","message":"Config loaded and validated","timestamp":"2025-10-04 21:58:31"}
{"level":"info","message":"Starting web server...","timestamp":"2025-10-04 21:58:32"}
{"level":"info","message":"Express middlewares are set up","timestamp":"2025-10-04 21:58:32"}
{"level":"info","message":"Defining routes...","timestamp":"2025-10-04 21:58:32"}
{"level":"info","message":"Setting up routes for User","timestamp":"2025-10-04 21:58:32"}
{"level":"info","message":"Setting up routes for User","timestamp":"2025-10-04 21:58:32"}
{"level":"info","message":"Setting up routes for Classes","timestamp":"2025-10-04 21:58:33"}
{"level":"info","message":"Setting up routes for Student","timestamp":"2025-10-04 21:58:34"}
{"level":"info","message":"Setting up routes for Bus","timestamp":"2025-10-04 21:58:36"}
{"level":"info","message":"Setting up routes for Course","timestamp":"2025-10-04 21:58:36"}
{"level":"info","message":"Routes defined","timestamp":"2025-10-04 21:58:36"}
{"level":"info","message":"Server is about to listen to port 4000","timestamp":"2025-10-04 21:58:36"}
{"level":"info","message":"Server is running on :::4000","timestamp":"2025-10-04 21:58:36"}
{"level":"info","message":"Connecting to MongoDB...","timestamp":"2025-10-04 21:58:36"}
{"level":"info","message":"MongoDB connection is open","timestamp":"2025-10-04 21:58:40"}
{"level":"info","message":"Connected to MongoDB","timestamp":"2025-10-04 21:58:40"}
{"level":"info","message":"GET /api/v1/student/","timestamp":"2025-10-04 21:58:46"}
{"body":{},"level":"info","message":"GET /api/v1/student/","params":{},"query":{},"timestamp":"2025-10-04 21:58:46"}
{"count":10,"filter":{},"level":"info","message":"search(): filter and count","timestamp":"2025-10-04 21:58:46"}
{"level":"info","message":"GET /api/v1/student/","statusCode":200,"timestamp":"2025-10-04 21:58:46"}
{"level":"error","message":"App received SIGINT event, try to gracefully close the server","timestamp":"2025-10-04 21:58:52"}
