{"level":"info","message":"Loading and validating config for the first time...","timestamp":"2025-09-16 23:28:58"}
{"level":"info","message":"Config loaded and validated","timestamp":"2025-09-16 23:28:58"}
{"level":"info","message":"Starting web server...","timestamp":"2025-09-16 23:28:59"}
{"level":"info","message":"Express middlewares are set up","timestamp":"2025-09-16 23:28:59"}
{"level":"info","message":"Defining routes...","timestamp":"2025-09-16 23:28:59"}
{"level":"info","message":"Setting up routes for Customer","timestamp":"2025-09-16 23:28:59"}
{"level":"info","message":"Setting up routes for Product","timestamp":"2025-09-16 23:28:59"}
{"level":"info","message":"Routes defined","timestamp":"2025-09-16 23:29:13"}
{"level":"info","message":"Server is about to listen to port 4000","timestamp":"2025-09-16 23:29:13"}
{"level":"info","message":"Server is running on :::4000","timestamp":"2025-09-16 23:29:13"}
{"level":"info","message":"Connecting to MongoDB...","timestamp":"2025-09-16 23:29:13"}
{"level":"info","message":"MongoDB connection is open","timestamp":"2025-09-16 23:29:15"}
{"level":"info","message":"Connected to MongoDB","timestamp":"2025-09-16 23:29:15"}
{"level":"info","message":"POST /api/v1/createUser","timestamp":"2025-09-16 23:29:20"}
{"level":"info","message":"Loading and validating config for the first time...","timestamp":"2025-09-16 23:30:21"}
{"level":"info","message":"Config loaded and validated","timestamp":"2025-09-16 23:30:21"}
{"level":"info","message":"Starting web server...","timestamp":"2025-09-16 23:30:21"}
{"level":"info","message":"Express middlewares are set up","timestamp":"2025-09-16 23:30:21"}
{"level":"info","message":"Defining routes...","timestamp":"2025-09-16 23:30:21"}
{"level":"info","message":"Setting up routes for Customer","timestamp":"2025-09-16 23:30:21"}
{"level":"info","message":"Setting up routes for Product","timestamp":"2025-09-16 23:30:21"}
{"level":"info","message":"Routes defined","timestamp":"2025-09-16 23:30:23"}
{"level":"info","message":"Server is about to listen to port 4000","timestamp":"2025-09-16 23:30:23"}
{"level":"info","message":"Server is running on :::4000","timestamp":"2025-09-16 23:30:23"}
{"level":"info","message":"Connecting to MongoDB...","timestamp":"2025-09-16 23:30:23"}
{"level":"info","message":"MongoDB connection is open","timestamp":"2025-09-16 23:30:24"}
{"level":"info","message":"Connected to MongoDB","timestamp":"2025-09-16 23:30:24"}
{"level":"info","message":"POST /api/v1/createUser","timestamp":"2025-09-16 23:30:28"}
{"body":{"email":"riz2019247@gmail.com","fullname":"Rizwan Ahmed","password":"khi55656@@@","role":"admin"},"level":"info","message":"POST /api/v1/createUser","params":{},"query":{},"timestamp":"2025-09-16 23:30:28"}
{"level":"error","message":"getByEmail(): Failed to get customer id is not defined","stack":"ReferenceError: id is not defined\n    at getByEmail (/Users/rizwanahmed/Documents/project/AppleAcademy/Backend/src/domains/Users/service.js:47:53)\n    at processTicksAndRejections (node:internal/process/task_queues:96:5)\n    at async /Users/rizwanahmed/Documents/project/AppleAcademy/Backend/src/domains/Users/api.js:41:25","timestamp":"2025-09-16 23:30:28"}
{"HTTPStatus":500,"cause":null,"isTrusted":true,"level":"error","message":"id is not defined id is not defined","name":"Failed to get customer","stack":"Failed to get customer: id is not defined\n    at getByEmail (/Users/rizwanahmed/Documents/project/AppleAcademy/Backend/src/domains/Users/service.js:51:11)\n    at processTicksAndRejections (node:internal/process/task_queues:96:5)\n    at async /Users/rizwanahmed/Documents/project/AppleAcademy/Backend/src/domains/Users/api.js:41:25","timestamp":"2025-09-16 23:32:21"}
{"level":"info","message":"POST /api/v1/createUser","statusCode":500,"timestamp":"2025-09-16 23:32:21"}
{"level":"info","message":"POST /api/v1/createUser","timestamp":"2025-09-16 23:33:47"}
{"body":{"email":"riz2019247@gmail.com","fullname":"Rizwan Ahmed","password":"khi55656@@@","role":"admin"},"level":"info","message":"POST /api/v1/createUser","params":{},"query":{},"timestamp":"2025-09-16 23:33:47"}
{"level":"error","message":"getByEmail(): Failed to get customer id is not defined","stack":"ReferenceError: id is not defined\n    at getByEmail (/Users/rizwanahmed/Documents/project/AppleAcademy/Backend/src/domains/Users/service.js:47:53)\n    at processTicksAndRejections (node:internal/process/task_queues:96:5)\n    at async /Users/rizwanahmed/Documents/project/AppleAcademy/Backend/src/domains/Users/api.js:41:25","timestamp":"2025-09-16 23:33:59"}
{"level":"info","message":"Loading and validating config for the first time...","timestamp":"2025-09-16 23:34:22"}
{"level":"info","message":"Config loaded and validated","timestamp":"2025-09-16 23:34:22"}
{"level":"info","message":"Starting web server...","timestamp":"2025-09-16 23:34:22"}
{"level":"info","message":"Express middlewares are set up","timestamp":"2025-09-16 23:34:22"}
{"level":"info","message":"Defining routes...","timestamp":"2025-09-16 23:34:22"}
{"level":"info","message":"Setting up routes for Customer","timestamp":"2025-09-16 23:34:22"}
{"level":"info","message":"Setting up routes for Product","timestamp":"2025-09-16 23:34:22"}
{"level":"info","message":"Routes defined","timestamp":"2025-09-16 23:34:24"}
{"level":"info","message":"Server is about to listen to port 4000","timestamp":"2025-09-16 23:34:24"}
{"level":"info","message":"Server is running on :::4000","timestamp":"2025-09-16 23:34:24"}
{"level":"info","message":"Connecting to MongoDB...","timestamp":"2025-09-16 23:34:24"}
{"level":"info","message":"MongoDB connection is open","timestamp":"2025-09-16 23:34:26"}
{"level":"info","message":"Connected to MongoDB","timestamp":"2025-09-16 23:34:26"}
{"level":"info","message":"POST /api/v1/createUser","timestamp":"2025-09-16 23:34:31"}
{"body":{"email":"riz2019247@gmail.com","fullname":"Rizwan Ahmed","password":"khi55656@@@","role":"admin"},"level":"info","message":"POST /api/v1/createUser","params":{},"query":{},"timestamp":"2025-09-16 23:34:31"}
{"level":"error","message":"getByEmail(): Failed to get customer id is not defined","stack":"ReferenceError: id is not defined\n    at getByEmail (/Users/rizwanahmed/Documents/project/AppleAcademy/Backend/src/domains/Users/service.js:47:53)\n    at processTicksAndRejections (node:internal/process/task_queues:96:5)\n    at async /Users/rizwanahmed/Documents/project/AppleAcademy/Backend/src/domains/Users/api.js:41:25","timestamp":"2025-09-16 23:34:33"}
{"level":"info","message":"Loading and validating config for the first time...","timestamp":"2025-09-16 23:34:53"}
{"level":"info","message":"Config loaded and validated","timestamp":"2025-09-16 23:34:53"}
{"level":"info","message":"Starting web server...","timestamp":"2025-09-16 23:34:54"}
{"level":"info","message":"Express middlewares are set up","timestamp":"2025-09-16 23:34:54"}
{"level":"info","message":"Defining routes...","timestamp":"2025-09-16 23:34:54"}
{"level":"info","message":"Setting up routes for Customer","timestamp":"2025-09-16 23:34:54"}
{"level":"info","message":"Setting up routes for Product","timestamp":"2025-09-16 23:34:54"}
{"level":"info","message":"Routes defined","timestamp":"2025-09-16 23:34:56"}
{"level":"info","message":"Server is about to listen to port 4000","timestamp":"2025-09-16 23:34:56"}
{"level":"info","message":"Server is running on :::4000","timestamp":"2025-09-16 23:34:56"}
{"level":"info","message":"Connecting to MongoDB...","timestamp":"2025-09-16 23:34:56"}
{"level":"info","message":"MongoDB connection is open","timestamp":"2025-09-16 23:34:58"}
{"level":"info","message":"Connected to MongoDB","timestamp":"2025-09-16 23:34:58"}
{"level":"info","message":"Loading and validating config for the first time...","timestamp":"2025-09-16 23:35:25"}
{"level":"info","message":"Config loaded and validated","timestamp":"2025-09-16 23:35:25"}
{"level":"info","message":"Starting web server...","timestamp":"2025-09-16 23:35:25"}
{"level":"info","message":"Express middlewares are set up","timestamp":"2025-09-16 23:35:25"}
{"level":"info","message":"Defining routes...","timestamp":"2025-09-16 23:35:25"}
{"level":"info","message":"Setting up routes for Customer","timestamp":"2025-09-16 23:35:25"}
{"level":"info","message":"Setting up routes for Product","timestamp":"2025-09-16 23:35:25"}
{"level":"info","message":"Routes defined","timestamp":"2025-09-16 23:35:27"}
{"level":"info","message":"Server is about to listen to port 4000","timestamp":"2025-09-16 23:35:27"}
{"level":"info","message":"Server is running on :::4000","timestamp":"2025-09-16 23:35:27"}
{"level":"info","message":"Connecting to MongoDB...","timestamp":"2025-09-16 23:35:27"}
{"level":"info","message":"MongoDB connection is open","timestamp":"2025-09-16 23:35:29"}
{"level":"info","message":"Connected to MongoDB","timestamp":"2025-09-16 23:35:29"}
{"level":"info","message":"POST /api/v1/createUser","timestamp":"2025-09-16 23:35:32"}
{"body":{"email":"riz2019247@gmail.com","fullname":"Rizwan Ahmed","password":"khi55656@@@","role":"admin"},"level":"info","message":"POST /api/v1/createUser","params":{},"query":{},"timestamp":"2025-09-16 23:35:32"}
{"level":"error","message":"getByEmail(): Failed to get customer id is not defined","stack":"ReferenceError: id is not defined\n    at getByEmail (/Users/rizwanahmed/Documents/project/AppleAcademy/Backend/src/domains/Users/service.js:47:53)\n    at processTicksAndRejections (node:internal/process/task_queues:96:5)\n    at async /Users/rizwanahmed/Documents/project/AppleAcademy/Backend/src/domains/Users/api.js:41:25","timestamp":"2025-09-16 23:36:38"}
{"level":"info","message":"Loading and validating config for the first time...","timestamp":"2025-09-16 23:39:03"}
{"level":"info","message":"Config loaded and validated","timestamp":"2025-09-16 23:39:03"}
{"level":"info","message":"Starting web server...","timestamp":"2025-09-16 23:39:04"}
{"level":"info","message":"Express middlewares are set up","timestamp":"2025-09-16 23:39:04"}
{"level":"info","message":"Defining routes...","timestamp":"2025-09-16 23:39:04"}
{"level":"info","message":"Setting up routes for Customer","timestamp":"2025-09-16 23:39:04"}
{"level":"info","message":"Setting up routes for Product","timestamp":"2025-09-16 23:39:04"}
{"level":"info","message":"Routes defined","timestamp":"2025-09-16 23:39:06"}
{"level":"info","message":"Server is about to listen to port 4000","timestamp":"2025-09-16 23:39:06"}
{"level":"info","message":"Server is running on :::4000","timestamp":"2025-09-16 23:39:06"}
{"level":"info","message":"Connecting to MongoDB...","timestamp":"2025-09-16 23:39:06"}
{"level":"info","message":"MongoDB connection is open","timestamp":"2025-09-16 23:39:07"}
{"level":"info","message":"Connected to MongoDB","timestamp":"2025-09-16 23:39:07"}
{"level":"info","message":"POST /api/v1/createUser","timestamp":"2025-09-16 23:39:10"}
{"body":{"email":"riz2019247@gmail.com","fullname":"Rizwan Ahmed","password":"khi55656@@@","role":"admin"},"level":"info","message":"POST /api/v1/createUser","params":{},"query":{},"timestamp":"2025-09-16 23:39:10"}
{"item":null,"level":"info","message":"getByEmail(): customer fetched","timestamp":"2025-09-16 23:39:13"}
{"id":"68c97691777f12ab4297351a","level":"info","message":"create(): customer created","timestamp":"2025-09-16 23:39:13"}
{"level":"info","message":"POST /api/v1/createUser","statusCode":201,"timestamp":"2025-09-16 23:39:13"}
{"level":"info","message":"GET /api/v1/login","timestamp":"2025-09-16 23:40:13"}
{"level":"info","message":"Loading and validating config for the first time...","timestamp":"2025-09-16 23:42:04"}
{"level":"info","message":"Config loaded and validated","timestamp":"2025-09-16 23:42:04"}
{"level":"info","message":"Starting web server...","timestamp":"2025-09-16 23:42:04"}
{"level":"info","message":"Express middlewares are set up","timestamp":"2025-09-16 23:42:04"}
{"level":"info","message":"Defining routes...","timestamp":"2025-09-16 23:42:04"}
{"level":"info","message":"Setting up routes for Customer","timestamp":"2025-09-16 23:42:04"}
{"level":"info","message":"Setting up routes for Customer","timestamp":"2025-09-16 23:42:04"}
{"level":"info","message":"Setting up routes for Product","timestamp":"2025-09-16 23:42:04"}
{"level":"info","message":"Routes defined","timestamp":"2025-09-16 23:42:06"}
{"level":"info","message":"Server is about to listen to port 4000","timestamp":"2025-09-16 23:42:06"}
{"level":"info","message":"Server is running on :::4000","timestamp":"2025-09-16 23:42:06"}
{"level":"info","message":"Connecting to MongoDB...","timestamp":"2025-09-16 23:42:06"}
{"level":"info","message":"MongoDB connection is open","timestamp":"2025-09-16 23:42:07"}
{"level":"info","message":"Connected to MongoDB","timestamp":"2025-09-16 23:42:07"}
{"level":"info","message":"GET /api/v1/auth/login","timestamp":"2025-09-16 23:42:16"}
{"level":"info","message":"POST /api/v1/auth/login","timestamp":"2025-09-16 23:42:27"}
{"body":{"email":"riz2019247@gmail.com","password":"khi55656@@@"},"level":"info","message":"POST /api/v1/auth/login","params":{},"query":{},"timestamp":"2025-09-16 23:42:27"}
{"errors":["\"id\" is required","\"email\" is not allowed","\"password\" is not allowed"],"level":"error","message":"POST /api/v1/auth/login Validation failed","timestamp":"2025-09-16 23:42:27"}
{"level":"info","message":"POST /api/v1/auth/login","statusCode":400,"timestamp":"2025-09-16 23:42:27"}
{"level":"info","message":"Loading and validating config for the first time...","timestamp":"2025-09-16 23:46:56"}
{"level":"info","message":"Config loaded and validated","timestamp":"2025-09-16 23:46:56"}
{"level":"info","message":"Starting web server...","timestamp":"2025-09-16 23:46:57"}
{"level":"info","message":"Express middlewares are set up","timestamp":"2025-09-16 23:46:57"}
{"level":"info","message":"Defining routes...","timestamp":"2025-09-16 23:46:57"}
{"level":"info","message":"Setting up routes for Customer","timestamp":"2025-09-16 23:46:57"}
{"level":"info","message":"Setting up routes for Customer","timestamp":"2025-09-16 23:46:57"}
{"level":"info","message":"Setting up routes for Product","timestamp":"2025-09-16 23:46:57"}
{"level":"info","message":"Routes defined","timestamp":"2025-09-16 23:46:59"}
{"level":"info","message":"Server is about to listen to port 4000","timestamp":"2025-09-16 23:46:59"}
{"level":"info","message":"Server is running on :::4000","timestamp":"2025-09-16 23:46:59"}
{"level":"info","message":"Connecting to MongoDB...","timestamp":"2025-09-16 23:46:59"}
{"level":"info","message":"MongoDB connection is open","timestamp":"2025-09-16 23:47:01"}
{"level":"info","message":"Connected to MongoDB","timestamp":"2025-09-16 23:47:01"}
{"level":"info","message":"POST /api/v1/auth/login","timestamp":"2025-09-16 23:47:08"}
{"body":{"email":"riz2019247@gmail.com","password":"khi55656@@@"},"level":"info","message":"POST /api/v1/auth/login","params":{},"query":{},"timestamp":"2025-09-16 23:47:08"}
{"errors":["\"email\" contains an invalid value","\"password\" is not allowed"],"level":"error","message":"POST /api/v1/auth/login Validation failed","timestamp":"2025-09-16 23:47:08"}
{"level":"info","message":"POST /api/v1/auth/login","statusCode":400,"timestamp":"2025-09-16 23:47:08"}
{"level":"info","message":"Loading and validating config for the first time...","timestamp":"2025-09-16 23:49:25"}
{"level":"info","message":"Config loaded and validated","timestamp":"2025-09-16 23:49:25"}
{"level":"info","message":"Starting web server...","timestamp":"2025-09-16 23:49:25"}
{"level":"info","message":"Express middlewares are set up","timestamp":"2025-09-16 23:49:25"}
{"level":"info","message":"Defining routes...","timestamp":"2025-09-16 23:49:25"}
{"level":"info","message":"Setting up routes for Customer","timestamp":"2025-09-16 23:49:25"}
{"level":"info","message":"Setting up routes for Customer","timestamp":"2025-09-16 23:49:25"}
{"level":"info","message":"Setting up routes for Product","timestamp":"2025-09-16 23:49:25"}
{"level":"info","message":"Routes defined","timestamp":"2025-09-16 23:49:27"}
{"level":"info","message":"Server is about to listen to port 4000","timestamp":"2025-09-16 23:49:27"}
{"level":"info","message":"Server is running on :::4000","timestamp":"2025-09-16 23:49:27"}
{"level":"info","message":"Connecting to MongoDB...","timestamp":"2025-09-16 23:49:27"}
{"level":"info","message":"MongoDB connection is open","timestamp":"2025-09-16 23:49:29"}
{"level":"info","message":"Connected to MongoDB","timestamp":"2025-09-16 23:49:29"}
{"level":"info","message":"POST /api/v1/auth/login","timestamp":"2025-09-16 23:49:36"}
{"body":{"email":"riz2019247@gmail.com","password":"khi55656@@@"},"level":"info","message":"POST /api/v1/auth/login","params":{},"query":{},"timestamp":"2025-09-16 23:49:36"}
{"level":"info","message":"Loading and validating config for the first time...","timestamp":"2025-09-16 23:50:05"}
{"level":"info","message":"Config loaded and validated","timestamp":"2025-09-16 23:50:05"}
{"level":"info","message":"Starting web server...","timestamp":"2025-09-16 23:50:05"}
{"level":"info","message":"Express middlewares are set up","timestamp":"2025-09-16 23:50:05"}
{"level":"info","message":"Defining routes...","timestamp":"2025-09-16 23:50:05"}
{"level":"info","message":"Setting up routes for Customer","timestamp":"2025-09-16 23:50:05"}
{"level":"info","message":"Setting up routes for Customer","timestamp":"2025-09-16 23:50:05"}
{"level":"info","message":"Setting up routes for Product","timestamp":"2025-09-16 23:50:05"}
{"level":"info","message":"Routes defined","timestamp":"2025-09-16 23:50:08"}
{"level":"info","message":"Server is about to listen to port 4000","timestamp":"2025-09-16 23:50:08"}
{"level":"info","message":"Server is running on :::4000","timestamp":"2025-09-16 23:50:08"}
{"level":"info","message":"Connecting to MongoDB...","timestamp":"2025-09-16 23:50:08"}
{"level":"info","message":"MongoDB connection is open","timestamp":"2025-09-16 23:50:09"}
{"level":"info","message":"Connected to MongoDB","timestamp":"2025-09-16 23:50:09"}
{"level":"info","message":"POST /api/v1/auth/login","timestamp":"2025-09-16 23:50:54"}
{"body":{"email":"riz2019247@gmail.com","password":"khi55656@@@"},"level":"info","message":"POST /api/v1/auth/login","params":{},"query":{},"timestamp":"2025-09-16 23:50:54"}
{"item":{"__v":0,"_id":"68c97691777f12ab4297351a","createdAt":"2025-09-16T14:39:03.993Z","email":"riz2019247@gmail.com","fullname":"Rizwan Ahmed","password":"$2b$10$73DbFHsKFm7fIMiv3nEfFOLgatP2ucJJaXK1keHmI9pCJvvRicHRS","role":"admin","updatedAt":"2025-09-16T14:39:03.993Z"},"level":"info","message":"getByEmail(): customer fetched","timestamp":"2025-09-16 23:50:57"}
{"level":"info","message":"POST /api/v1/auth/login","statusCode":200,"timestamp":"2025-09-16 23:50:57"}
{"level":"info","message":"Loading and validating config for the first time...","timestamp":"2025-09-16 23:52:10"}
{"level":"info","message":"Config loaded and validated","timestamp":"2025-09-16 23:52:10"}
{"level":"info","message":"Starting web server...","timestamp":"2025-09-16 23:52:10"}
{"level":"info","message":"Express middlewares are set up","timestamp":"2025-09-16 23:52:10"}
{"level":"info","message":"Defining routes...","timestamp":"2025-09-16 23:52:10"}
{"level":"info","message":"Setting up routes for Customer","timestamp":"2025-09-16 23:52:10"}
{"level":"info","message":"Setting up routes for Customer","timestamp":"2025-09-16 23:52:10"}
{"level":"info","message":"Setting up routes for Product","timestamp":"2025-09-16 23:52:10"}
{"level":"info","message":"Routes defined","timestamp":"2025-09-16 23:52:13"}
{"level":"info","message":"Server is about to listen to port 4000","timestamp":"2025-09-16 23:52:13"}
{"level":"info","message":"Server is running on :::4000","timestamp":"2025-09-16 23:52:13"}
{"level":"info","message":"Connecting to MongoDB...","timestamp":"2025-09-16 23:52:13"}
{"level":"info","message":"MongoDB connection is open","timestamp":"2025-09-16 23:52:14"}
{"level":"info","message":"Connected to MongoDB","timestamp":"2025-09-16 23:52:14"}
