{"level":"info","message":"POST /api/createUser","timestamp":"2025-09-15 23:03:41"}
{"level":"info","message":"POST /api/createUser/","timestamp":"2025-09-15 23:04:27"}
{"level":"info","message":"POST /api/createUser","timestamp":"2025-09-15 23:04:33"}
{"level":"info","message":"POST /api/v1/createUser","timestamp":"2025-09-15 23:06:10"}
{"level":"info","message":"POST /api/v1/createUser/","timestamp":"2025-09-15 23:06:16"}
{"level":"error","message":"App received SIGINT event, try to gracefully close the server","timestamp":"2025-09-15 23:06:32"}
{"level":"info","message":"Loading and validating config for the first time...","timestamp":"2025-09-15 23:06:42"}
{"level":"info","message":"Config loaded and validated","timestamp":"2025-09-15 23:06:42"}
{"level":"info","message":"Starting web server...","timestamp":"2025-09-15 23:06:42"}
{"level":"info","message":"Express middlewares are set up","timestamp":"2025-09-15 23:06:42"}
{"level":"info","message":"Defining routes...","timestamp":"2025-09-15 23:06:42"}
{"level":"info","message":"Setting up routes for Product","timestamp":"2025-09-15 23:06:42"}
{"level":"info","message":"Routes defined","timestamp":"2025-09-15 23:06:42"}
{"level":"info","message":"Server is about to listen to port 4000","timestamp":"2025-09-15 23:06:42"}
{"level":"info","message":"Server is running on :::4000","timestamp":"2025-09-15 23:06:42"}
{"level":"info","message":"Connecting to MongoDB...","timestamp":"2025-09-15 23:06:42"}
{"level":"info","message":"MongoDB connection is open","timestamp":"2025-09-15 23:06:44"}
{"level":"info","message":"Connected to MongoDB","timestamp":"2025-09-15 23:06:44"}
{"level":"info","message":"POST /api/v1/createUser","timestamp":"2025-09-15 23:06:57"}
{"level":"info","message":"POST /api/v1/createUser","timestamp":"2025-09-15 23:07:36"}
{"level":"info","message":"Loading and validating config for the first time...","timestamp":"2025-09-15 23:09:25"}
{"level":"info","message":"Config loaded and validated","timestamp":"2025-09-15 23:09:25"}
{"level":"info","message":"Starting web server...","timestamp":"2025-09-15 23:09:26"}
{"level":"info","message":"Express middlewares are set up","timestamp":"2025-09-15 23:09:26"}
{"level":"info","message":"Defining routes...","timestamp":"2025-09-15 23:09:26"}
{"level":"info","message":"Setting up routes for Product","timestamp":"2025-09-15 23:09:26"}
{"level":"info","message":"Routes defined","timestamp":"2025-09-15 23:09:29"}
{"level":"info","message":"Server is about to listen to port 4000","timestamp":"2025-09-15 23:09:29"}
{"level":"info","message":"Server is running on :::4000","timestamp":"2025-09-15 23:09:29"}
{"level":"info","message":"Connecting to MongoDB...","timestamp":"2025-09-15 23:09:29"}
{"level":"info","message":"MongoDB connection is open","timestamp":"2025-09-15 23:09:31"}
{"level":"info","message":"Connected to MongoDB","timestamp":"2025-09-15 23:09:31"}
{"level":"info","message":"POST /api/v1/createUser","timestamp":"2025-09-15 23:09:35"}
{"level":"info","message":"Loading and validating config for the first time...","timestamp":"2025-09-15 23:11:09"}
{"level":"info","message":"Config loaded and validated","timestamp":"2025-09-15 23:11:09"}
{"level":"info","message":"Starting web server...","timestamp":"2025-09-15 23:11:09"}
{"level":"info","message":"Express middlewares are set up","timestamp":"2025-09-15 23:11:09"}
{"level":"info","message":"Defining routes...","timestamp":"2025-09-15 23:11:09"}
{"level":"info","message":"Setting up routes for Customer","timestamp":"2025-09-15 23:11:09"}
{"level":"info","message":"Setting up routes for Product","timestamp":"2025-09-15 23:11:09"}
{"level":"info","message":"Routes defined","timestamp":"2025-09-15 23:11:12"}
{"level":"info","message":"Server is about to listen to port 4000","timestamp":"2025-09-15 23:11:12"}
{"level":"info","message":"Server is running on :::4000","timestamp":"2025-09-15 23:11:12"}
{"level":"info","message":"Connecting to MongoDB...","timestamp":"2025-09-15 23:11:12"}
{"level":"info","message":"MongoDB connection is open","timestamp":"2025-09-15 23:11:13"}
{"level":"info","message":"Connected to MongoDB","timestamp":"2025-09-15 23:11:13"}
{"level":"info","message":"POST /api/v1/createUser","timestamp":"2025-09-15 23:11:19"}
{"body":{"email":"riz2019247@gmail.com","fullname":"Rizwan Ahmed","password":"khi55656@@@","role":"admin","usernam":"riz121"},"level":"info","message":"POST /api/v1/createUser","params":{},"query":{},"timestamp":"2025-09-15 23:11:19"}
{"errors":["\"name\" is required","\"fullname\" is not allowed","\"usernam\" is not allowed","\"email\" is not allowed","\"password\" is not allowed","\"role\" is not allowed"],"level":"error","message":"POST /api/v1/createUser Validation failed","timestamp":"2025-09-15 23:11:19"}
{"level":"info","message":"POST /api/v1/createUser","statusCode":400,"timestamp":"2025-09-15 23:11:19"}
{"level":"info","message":"Loading and validating config for the first time...","timestamp":"2025-09-15 23:13:32"}
{"level":"info","message":"Config loaded and validated","timestamp":"2025-09-15 23:13:32"}
{"level":"info","message":"Starting web server...","timestamp":"2025-09-15 23:13:33"}
{"level":"info","message":"Express middlewares are set up","timestamp":"2025-09-15 23:13:33"}
{"level":"info","message":"Defining routes...","timestamp":"2025-09-15 23:13:33"}
{"level":"info","message":"Setting up routes for Customer","timestamp":"2025-09-15 23:13:33"}
{"level":"info","message":"Setting up routes for Product","timestamp":"2025-09-15 23:13:33"}
{"level":"info","message":"Routes defined","timestamp":"2025-09-15 23:13:35"}
{"level":"info","message":"Server is about to listen to port 4000","timestamp":"2025-09-15 23:13:35"}
{"level":"info","message":"Server is running on :::4000","timestamp":"2025-09-15 23:13:35"}
{"level":"info","message":"Connecting to MongoDB...","timestamp":"2025-09-15 23:13:35"}
{"level":"info","message":"MongoDB connection is open","timestamp":"2025-09-15 23:13:37"}
{"level":"info","message":"Connected to MongoDB","timestamp":"2025-09-15 23:13:37"}
{"level":"info","message":"Loading and validating config for the first time...","timestamp":"2025-09-15 23:14:11"}
{"level":"info","message":"Config loaded and validated","timestamp":"2025-09-15 23:14:11"}
{"level":"info","message":"Starting web server...","timestamp":"2025-09-15 23:14:11"}
{"level":"info","message":"Express middlewares are set up","timestamp":"2025-09-15 23:14:11"}
{"level":"info","message":"Defining routes...","timestamp":"2025-09-15 23:14:11"}
{"level":"info","message":"Setting up routes for Customer","timestamp":"2025-09-15 23:14:11"}
{"level":"info","message":"Setting up routes for Product","timestamp":"2025-09-15 23:14:11"}
{"level":"info","message":"Routes defined","timestamp":"2025-09-15 23:14:14"}
{"level":"info","message":"Server is about to listen to port 4000","timestamp":"2025-09-15 23:14:14"}
{"level":"info","message":"Server is running on :::4000","timestamp":"2025-09-15 23:14:14"}
{"level":"info","message":"Connecting to MongoDB...","timestamp":"2025-09-15 23:14:14"}
{"level":"info","message":"MongoDB connection is open","timestamp":"2025-09-15 23:14:15"}
{"level":"info","message":"Connected to MongoDB","timestamp":"2025-09-15 23:14:15"}
{"level":"info","message":"Loading and validating config for the first time...","timestamp":"2025-09-15 23:16:32"}
{"level":"info","message":"Config loaded and validated","timestamp":"2025-09-15 23:16:32"}
{"level":"info","message":"Starting web server...","timestamp":"2025-09-15 23:16:32"}
{"level":"info","message":"Express middlewares are set up","timestamp":"2025-09-15 23:16:32"}
{"level":"info","message":"Defining routes...","timestamp":"2025-09-15 23:16:32"}
{"level":"info","message":"Setting up routes for Customer","timestamp":"2025-09-15 23:16:32"}
{"level":"info","message":"Setting up routes for Product","timestamp":"2025-09-15 23:16:32"}
{"level":"info","message":"Routes defined","timestamp":"2025-09-15 23:16:35"}
{"level":"info","message":"Server is about to listen to port 4000","timestamp":"2025-09-15 23:16:35"}
{"level":"info","message":"Server is running on :::4000","timestamp":"2025-09-15 23:16:35"}
{"level":"info","message":"Connecting to MongoDB...","timestamp":"2025-09-15 23:16:35"}
{"level":"info","message":"MongoDB connection is open","timestamp":"2025-09-15 23:16:36"}
{"level":"info","message":"Connected to MongoDB","timestamp":"2025-09-15 23:16:36"}
{"level":"info","message":"Loading and validating config for the first time...","timestamp":"2025-09-15 23:17:01"}
{"level":"info","message":"Config loaded and validated","timestamp":"2025-09-15 23:17:01"}
{"level":"info","message":"Starting web server...","timestamp":"2025-09-15 23:17:01"}
{"level":"info","message":"Express middlewares are set up","timestamp":"2025-09-15 23:17:01"}
{"level":"info","message":"Defining routes...","timestamp":"2025-09-15 23:17:01"}
{"level":"info","message":"Setting up routes for Customer","timestamp":"2025-09-15 23:17:01"}
{"level":"info","message":"Setting up routes for Product","timestamp":"2025-09-15 23:17:01"}
{"level":"info","message":"Routes defined","timestamp":"2025-09-15 23:17:03"}
{"level":"info","message":"Server is about to listen to port 4000","timestamp":"2025-09-15 23:17:03"}
{"level":"info","message":"Server is running on :::4000","timestamp":"2025-09-15 23:17:03"}
{"level":"info","message":"Connecting to MongoDB...","timestamp":"2025-09-15 23:17:03"}
{"level":"info","message":"MongoDB connection is open","timestamp":"2025-09-15 23:17:04"}
{"level":"info","message":"Connected to MongoDB","timestamp":"2025-09-15 23:17:04"}
{"level":"info","message":"Loading and validating config for the first time...","timestamp":"2025-09-15 23:17:15"}
{"level":"info","message":"Config loaded and validated","timestamp":"2025-09-15 23:17:15"}
{"level":"info","message":"Starting web server...","timestamp":"2025-09-15 23:17:16"}
{"level":"info","message":"Express middlewares are set up","timestamp":"2025-09-15 23:17:16"}
{"level":"info","message":"Defining routes...","timestamp":"2025-09-15 23:17:16"}
{"level":"info","message":"Setting up routes for Customer","timestamp":"2025-09-15 23:17:16"}
{"level":"info","message":"Setting up routes for Product","timestamp":"2025-09-15 23:17:16"}
{"level":"info","message":"Routes defined","timestamp":"2025-09-15 23:17:18"}
{"level":"info","message":"Server is about to listen to port 4000","timestamp":"2025-09-15 23:17:18"}
{"level":"info","message":"Server is running on :::4000","timestamp":"2025-09-15 23:17:18"}
{"level":"info","message":"Connecting to MongoDB...","timestamp":"2025-09-15 23:17:18"}
{"level":"info","message":"MongoDB connection is open","timestamp":"2025-09-15 23:17:19"}
{"level":"info","message":"Connected to MongoDB","timestamp":"2025-09-15 23:17:19"}
{"level":"info","message":"POST /api/v1/createUser","timestamp":"2025-09-15 23:17:23"}
{"body":{"email":"riz2019247@gmail.com","fullname":"Rizwan Ahmed","password":"khi55656@@@","role":"admin"},"level":"info","message":"POST /api/v1/createUser","params":{},"query":{},"timestamp":"2025-09-15 23:17:23"}
{"HTTPStatus":500,"cause":null,"isTrusted":true,"level":"error","message":"schem is not defined schem is not defined","name":"ReferenceError","stack":"ReferenceError: schem is not defined\n    at /Users/rizwanahmed/Documents/project/AppleAcademy/Backend/src/middlewares/request-validate/index.js:6:30\n    at Layer.handle [as handle_request] (/Users/rizwanahmed/Documents/project/AppleAcademy/Backend/node_modules/express/lib/router/layer.js:95:5)\n    at next (/Users/rizwanahmed/Documents/project/AppleAcademy/Backend/node_modules/express/lib/router/route.js:149:13)\n    at /Users/rizwanahmed/Documents/project/AppleAcademy/Backend/src/middlewares/log/index.js:37:5\n    at Layer.handle [as handle_request] (/Users/rizwanahmed/Documents/project/AppleAcademy/Backend/node_modules/express/lib/router/layer.js:95:5)\n    at next (/Users/rizwanahmed/Documents/project/AppleAcademy/Backend/node_modules/express/lib/router/route.js:149:13)\n    at Route.dispatch (/Users/rizwanahmed/Documents/project/AppleAcademy/Backend/node_modules/express/lib/router/route.js:119:3)\n    at Layer.handle [as handle_request] (/Users/rizwanahmed/Documents/project/AppleAcademy/Backend/node_modules/express/lib/router/layer.js:95:5)\n    at /Users/rizwanahmed/Documents/project/AppleAcademy/Backend/node_modules/express/lib/router/index.js:284:15\n    at Function.process_params (/Users/rizwanahmed/Documents/project/AppleAcademy/Backend/node_modules/express/lib/router/index.js:346:12)","timestamp":"2025-09-15 23:17:23"}
{"level":"info","message":"POST /api/v1/createUser","statusCode":500,"timestamp":"2025-09-15 23:17:23"}
{"level":"info","message":"Loading and validating config for the first time...","timestamp":"2025-09-15 23:17:51"}
{"level":"info","message":"Config loaded and validated","timestamp":"2025-09-15 23:17:51"}
{"level":"info","message":"Starting web server...","timestamp":"2025-09-15 23:17:52"}
{"level":"info","message":"Express middlewares are set up","timestamp":"2025-09-15 23:17:52"}
{"level":"info","message":"Defining routes...","timestamp":"2025-09-15 23:17:52"}
{"level":"info","message":"Setting up routes for Customer","timestamp":"2025-09-15 23:17:52"}
{"level":"info","message":"Setting up routes for Product","timestamp":"2025-09-15 23:17:52"}
{"level":"info","message":"Routes defined","timestamp":"2025-09-15 23:17:54"}
{"level":"info","message":"Server is about to listen to port 4000","timestamp":"2025-09-15 23:17:54"}
{"level":"info","message":"Server is running on :::4000","timestamp":"2025-09-15 23:17:54"}
{"level":"info","message":"Connecting to MongoDB...","timestamp":"2025-09-15 23:17:54"}
{"level":"info","message":"MongoDB connection is open","timestamp":"2025-09-15 23:17:55"}
{"level":"info","message":"Connected to MongoDB","timestamp":"2025-09-15 23:17:55"}
{"level":"info","message":"POST /api/v1/createUser","timestamp":"2025-09-15 23:17:59"}
{"body":{"email":"riz2019247@gmail.com","fullname":"Rizwan Ahmed","password":"khi55656@@@","role":"admin"},"level":"info","message":"POST /api/v1/createUser","params":{},"query":{},"timestamp":"2025-09-15 23:17:59"}
{"_message":"User validation failed","errors":{"username":{"kind":"required","message":"Path `username` is required.","name":"ValidatorError","path":"username","properties":{"message":"Path `username` is required.","path":"username","type":"required"}}},"level":"error","message":"create(): Failed to create customer User validation failed: username: Path `username` is required.","stack":"ValidationError: User validation failed: username: Path `username` is required.\n    at model.Document.invalidate (/Users/rizwanahmed/Documents/project/AppleAcademy/Backend/node_modules/mongoose/lib/document.js:3285:32)\n    at /Users/rizwanahmed/Documents/project/AppleAcademy/Backend/node_modules/mongoose/lib/document.js:3046:17\n    at /Users/rizwanahmed/Documents/project/AppleAcademy/Backend/node_modules/mongoose/lib/schemaType.js:1388:9\n    at processTicksAndRejections (node:internal/process/task_queues:78:11)","timestamp":"2025-09-15 23:18:01"}
{"HTTPStatus":500,"cause":null,"isTrusted":true,"level":"error","message":"User validation failed: username: Path `username` is required. User validation failed: username: Path `username` is required.","name":"Failed to create customer","stack":"Failed to create customer: User validation failed: username: Path `username` is required.\n    at create (/Users/rizwanahmed/Documents/project/AppleAcademy/Backend/src/domains/Users/service.js:18:11)\n    at processTicksAndRejections (node:internal/process/task_queues:96:5)\n    at async /Users/rizwanahmed/Documents/project/AppleAcademy/Backend/src/domains/Users/api.js:40:22","timestamp":"2025-09-15 23:18:01"}
{"level":"info","message":"POST /api/v1/createUser","statusCode":500,"timestamp":"2025-09-15 23:18:01"}
{"level":"info","message":"Loading and validating config for the first time...","timestamp":"2025-09-15 23:18:37"}
{"level":"info","message":"Config loaded and validated","timestamp":"2025-09-15 23:18:37"}
{"level":"info","message":"Starting web server...","timestamp":"2025-09-15 23:18:37"}
{"level":"info","message":"Express middlewares are set up","timestamp":"2025-09-15 23:18:37"}
{"level":"info","message":"Defining routes...","timestamp":"2025-09-15 23:18:37"}
{"level":"info","message":"Setting up routes for Customer","timestamp":"2025-09-15 23:18:37"}
{"level":"info","message":"Setting up routes for Product","timestamp":"2025-09-15 23:18:37"}
{"level":"info","message":"Routes defined","timestamp":"2025-09-15 23:18:39"}
{"level":"info","message":"Server is about to listen to port 4000","timestamp":"2025-09-15 23:18:39"}
{"level":"info","message":"Server is running on :::4000","timestamp":"2025-09-15 23:18:39"}
{"level":"info","message":"Connecting to MongoDB...","timestamp":"2025-09-15 23:18:39"}
{"level":"info","message":"MongoDB connection is open","timestamp":"2025-09-15 23:18:41"}
{"level":"info","message":"Connected to MongoDB","timestamp":"2025-09-15 23:18:41"}
{"level":"info","message":"POST /api/v1/createUser","timestamp":"2025-09-15 23:18:44"}
{"body":{"email":"riz2019247@gmail.com","fullname":"Rizwan Ahmed","password":"khi55656@@@","role":"admin"},"level":"info","message":"POST /api/v1/createUser","params":{},"query":{},"timestamp":"2025-09-15 23:18:44"}
{"id":"68c82046d8b3ed86f90fb99b","level":"info","message":"create(): customer created","timestamp":"2025-09-15 23:18:46"}
{"level":"info","message":"POST /api/v1/createUser","statusCode":201,"timestamp":"2025-09-15 23:18:46"}
