{"level":"info","message":"Loading and validating config for the first time...","timestamp":"2025-09-18 00:35:16"}
{"level":"info","message":"Config loaded and validated","timestamp":"2025-09-18 00:35:16"}
{"level":"info","message":"Starting web server...","timestamp":"2025-09-18 00:35:16"}
{"level":"info","message":"Express middlewares are set up","timestamp":"2025-09-18 00:35:16"}
{"level":"info","message":"Defining routes...","timestamp":"2025-09-18 00:35:16"}
{"level":"info","message":"Setting up routes for Customer","timestamp":"2025-09-18 00:35:16"}
{"level":"info","message":"Setting up routes for Customer","timestamp":"2025-09-18 00:35:16"}
{"level":"info","message":"Setting up routes for Product","timestamp":"2025-09-18 00:35:16"}
{"level":"info","message":"Routes defined","timestamp":"2025-09-18 00:35:16"}
{"level":"info","message":"Server is about to listen to port 4000","timestamp":"2025-09-18 00:35:16"}
{"level":"info","message":"Server is running on :::4000","timestamp":"2025-09-18 00:35:16"}
{"level":"info","message":"Connecting to MongoDB...","timestamp":"2025-09-18 00:35:16"}
{"level":"info","message":"MongoDB connection is open","timestamp":"2025-09-18 00:35:18"}
{"level":"info","message":"Connected to MongoDB","timestamp":"2025-09-18 00:35:18"}
{"level":"error","message":"App received SIGINT event, try to gracefully close the server","timestamp":"2025-09-18 00:35:25"}
{"level":"info","message":"Loading and validating config for the first time...","timestamp":"2025-09-18 00:35:48"}
{"level":"info","message":"Config loaded and validated","timestamp":"2025-09-18 00:35:48"}
{"level":"info","message":"Starting web server...","timestamp":"2025-09-18 00:35:49"}
{"level":"info","message":"Express middlewares are set up","timestamp":"2025-09-18 00:35:49"}
{"level":"info","message":"Defining routes...","timestamp":"2025-09-18 00:35:49"}
{"level":"info","message":"Setting up routes for Customer","timestamp":"2025-09-18 00:35:49"}
{"level":"info","message":"Setting up routes for Customer","timestamp":"2025-09-18 00:35:49"}
{"level":"info","message":"Setting up routes for Product","timestamp":"2025-09-18 00:35:49"}
{"level":"info","message":"Routes defined","timestamp":"2025-09-18 00:35:49"}
{"level":"info","message":"Server is about to listen to port 4000","timestamp":"2025-09-18 00:35:49"}
{"level":"info","message":"Server is running on :::4000","timestamp":"2025-09-18 00:35:49"}
{"level":"info","message":"Connecting to MongoDB...","timestamp":"2025-09-18 00:35:49"}
{"level":"info","message":"MongoDB connection is open","timestamp":"2025-09-18 00:35:50"}
{"level":"info","message":"Connected to MongoDB","timestamp":"2025-09-18 00:35:50"}
{"level":"error","message":"App received SIGINT event, try to gracefully close the server","timestamp":"2025-09-18 00:35:57"}
